2015-06-08 12:46:01 -  - exec CUpdateClientPartner::GetUpdatesList
2015-06-08 12:46:01 -  - exec CUpdateClientPartner::__CollectRequestData
2015-06-08 12:46:01 -  - utf=Y&lang=ru&stable=Y&CANGZIP=Y&SUPD_DBS=MYSQL&XE=N&CLIENT_SITE=szv.ayers.ru&LICENSE_KEY=X&SUPD_STS=1&SUPD_URS=0&SUPD_URSA=1&TYPENC=D&CLIENT_PHPVER=5.3.3&dbv=5.1.73&instm=main%2C15.0.6%2CY%3Bsearch%2C14.5.3%2CN%3Bclouds%2C15.0.0%2CN%3Bbitrixcloud%2C15.0.0%2CN%3Bperfmon%2C15.0.2%2CN%3Bcompression%2C14.0.0%2CN%3Bhighloadblock%2C15.0.2%2CN%3Bfileman%2C15.0.1%2CN%3Biblock%2C15.0.4%2CN%3Bseo%2C15.0.0%2CN%3Bsocialservices%2C14.5.8%2CN%3Bbitrix.sitecorporate%2C15.0.0%2CN&reqm=bitrix.sitecorporate&fullmoduleinfo=Y&SUPD_SRS=RU&SUPD_CMP=N
2015-06-08 12:46:01 -  - exec CUpdateClientPartner::GetHTTPPage
2015-06-08 12:46:01 -  - TIME GetUpdatesList(request) 0.279 sec
2015-06-08 12:46:01 -  - exec CUpdateClientPartner::ParseServerData
2015-06-15 10:24:21 -  - exec CUpdateClientPartner::GetUpdatesList
2015-06-15 10:24:21 -  - exec CUpdateClientPartner::__CollectRequestData
2015-06-15 10:24:21 -  - utf=Y&lang=ru&stable=Y&CANGZIP=Y&SUPD_DBS=MYSQL&XE=N&CLIENT_SITE=szv.ayers.ru&LICENSE_KEY=X&SUPD_STS=1&SUPD_URS=0&SUPD_URSA=1&TYPENC=D&CLIENT_PHPVER=5.3.3&dbv=5.1.73&instm=main%2C15.0.6%2CY%3Bsearch%2C14.5.3%2CN%3Bclouds%2C15.0.0%2CN%3Bbitrixcloud%2C15.0.0%2CN%3Bperfmon%2C15.0.2%2CN%3Bcompression%2C14.0.0%2CN%3Bhighloadblock%2C15.0.2%2CN%3Bfileman%2C15.0.1%2CN%3Biblock%2C15.0.4%2CN%3Bseo%2C15.0.0%2CN%3Bsocialservices%2C14.5.8%2CN%3Bbitrix.sitecorporate%2C15.0.0%2CN&reqm=bitrix.sitecorporate%2Cbitrix.mpbuilder&SUPD_SRS=RU&SUPD_CMP=N
2015-06-15 10:24:21 -  - exec CUpdateClientPartner::GetHTTPPage
2015-06-15 10:24:22 -  - TIME GetUpdatesList(request) 0.218 sec
2015-06-15 10:24:22 -  - exec CUpdateClientPartner::ParseServerData
2015-06-16 09:50:14 -  - exec CUpdateClientPartner::GetUpdatesList
2015-06-16 09:50:14 -  - exec CUpdateClientPartner::__CollectRequestData
2015-06-16 09:50:14 -  - utf=Y&lang=ru&stable=Y&CANGZIP=Y&SUPD_DBS=MYSQL&XE=N&CLIENT_SITE=szv.ayers.ru&LICENSE_KEY=X&SUPD_STS=1&SUPD_URS=0&SUPD_URSA=1&TYPENC=D&CLIENT_PHPVER=5.3.3&dbv=5.1.73&instm=main%2C15.0.6%2CY%3Bsearch%2C14.5.3%2CN%3Bclouds%2C15.0.0%2CN%3Bbitrixcloud%2C15.0.0%2CN%3Bperfmon%2C15.0.2%2CN%3Bcompression%2C14.0.0%2CN%3Bhighloadblock%2C15.0.2%2CN%3Bfileman%2C15.0.1%2CN%3Biblock%2C15.0.4%2CN%3Bseo%2C15.0.0%2CN%3Bsocialservices%2C14.5.8%2CN%3Bbitrix.sitecorporate%2C15.0.0%2CN&reqm=bitrix.sitecorporate&fullmoduleinfo=Y&SUPD_SRS=RU&SUPD_CMP=N
2015-06-16 09:50:14 -  - exec CUpdateClientPartner::GetHTTPPage
2015-06-16 09:50:15 -  - TIME GetUpdatesList(request) 0.244 sec
2015-06-16 09:50:15 -  - exec CUpdateClientPartner::ParseServerData
2015-06-16 10:31:36 -  - exec CUpdateClientPartner::GetUpdatesList
2015-06-16 10:31:36 -  - exec CUpdateClientPartner::__CollectRequestData
2015-06-16 10:31:36 -  - utf=Y&lang=ru&stable=Y&CANGZIP=Y&SUPD_DBS=MYSQL&XE=N&CLIENT_SITE=szv.ayers.ru&LICENSE_KEY=X&SUPD_STS=1&SUPD_URS=0&SUPD_URSA=1&TYPENC=D&CLIENT_PHPVER=5.3.3&dbv=5.1.73&instm=main%2C15.0.6%2CY%3Bsearch%2C14.5.3%2CN%3Bclouds%2C15.0.0%2CN%3Bbitrixcloud%2C15.0.0%2CN%3Bperfmon%2C15.0.2%2CN%3Bcompression%2C14.0.0%2CN%3Bhighloadblock%2C15.0.2%2CN%3Bfileman%2C15.0.1%2CN%3Biblock%2C15.0.4%2CN%3Bseo%2C15.0.0%2CN%3Bsocialservices%2C14.5.8%2CN%3Bbitrix.sitecorporate%2C15.0.0%2CN&reqm=bitrix.sitecorporate&fullmoduleinfo=Y&SUPD_SRS=RU&SUPD_CMP=N
2015-06-16 10:31:36 -  - exec CUpdateClientPartner::GetHTTPPage
2015-06-16 10:31:36 -  - TIME GetUpdatesList(request) 0.313 sec
2015-06-16 10:31:36 -  - exec CUpdateClientPartner::ParseServerData
2015-06-16 10:31:44 -  - exec CUpdateClientPartner::GetUpdatesList
2015-06-16 10:31:44 -  - exec CUpdateClientPartner::__CollectRequestData
2015-06-16 10:31:44 -  - utf=Y&lang=ru&stable=Y&CANGZIP=Y&SUPD_DBS=MYSQL&XE=N&CLIENT_SITE=szv.ayers.ru&LICENSE_KEY=X&SUPD_STS=1&SUPD_URS=0&SUPD_URSA=1&TYPENC=D&CLIENT_PHPVER=5.3.3&dbv=5.1.73&instm=main%2C15.0.6%2CY%3Bsearch%2C14.5.3%2CN%3Bclouds%2C15.0.0%2CN%3Bbitrixcloud%2C15.0.0%2CN%3Bperfmon%2C15.0.2%2CN%3Bcompression%2C14.0.0%2CN%3Bhighloadblock%2C15.0.2%2CN%3Bfileman%2C15.0.1%2CN%3Biblock%2C15.0.4%2CN%3Bseo%2C15.0.0%2CN%3Bsocialservices%2C14.5.8%2CN%3Bbitrix.sitecorporate%2C15.0.0%2CN&reqm=bitrix.sitecorporate&fullmoduleinfo=Y&SUPD_SRS=RU&SUPD_CMP=N
2015-06-16 10:31:44 -  - exec CUpdateClientPartner::GetHTTPPage
2015-06-16 10:31:44 -  - TIME GetUpdatesList(request) 0.275 sec
2015-06-16 10:31:44 -  - exec CUpdateClientPartner::ParseServerData
2015-06-23 14:16:02 - Ux12 - Ошибка описания модуля "parser"
2015-06-23 14:16:02 -  - exec CUpdateClientPartner::GetUpdatesList
2015-06-23 14:16:02 -  - exec CUpdateClientPartner::__CollectRequestData
2015-06-23 14:16:02 - Ux12 - Ошибка описания модуля "parser"
2015-06-23 14:16:02 -  - utf=Y&lang=ru&stable=Y&CANGZIP=Y&SUPD_DBS=MYSQL&XE=N&CLIENT_SITE=szv.ayers.ru&LICENSE_KEY=X&SUPD_STS=1&SUPD_URS=0&SUPD_URSA=1&TYPENC=E&CLIENT_PHPVER=5.3.3&dbv=5.1.73&instm=main%2C15.0.6%2CN%3Bsearch%2C14.5.3%2CN%3Bclouds%2C15.0.0%2CN%3Bbitrixcloud%2C15.0.0%2CN%3Bperfmon%2C15.0.2%2CN%3Bcompression%2C14.0.0%2CN%3Bhighloadblock%2C15.0.2%2CN%3Bfileman%2C15.0.1%2CN%3Biblock%2C15.0.4%2CN%3Bseo%2C15.0.0%2CN%3Bsocialservices%2C14.5.8%2CN%3Bbitrix.sitecorporate%2C15.0.0%2CN&reqm=bitrix.sitecorporate&fullmoduleinfo=Y&SUPD_SRS=RU&SUPD_CMP=N
2015-06-23 14:16:02 -  - exec CUpdateClientPartner::GetHTTPPage
2015-06-23 14:16:03 -  - TIME GetUpdatesList(request) 1.04 sec
2015-06-23 14:16:03 -  - exec CUpdateClientPartner::ParseServerData
2015-06-23 14:16:03 - Ux12 - Ошибка описания модуля "parser"
2015-06-23 14:17:18 - Ux12 - Ошибка описания модуля "parser"
2015-06-23 14:17:18 -  - exec CUpdateClientPartner::GetUpdatesList
2015-06-23 14:17:18 -  - exec CUpdateClientPartner::__CollectRequestData
2015-06-23 14:17:18 - Ux12 - Ошибка описания модуля "parser"
2015-06-23 14:17:18 -  - utf=Y&lang=ru&stable=Y&CANGZIP=Y&SUPD_DBS=MYSQL&XE=N&CLIENT_SITE=szv.ayers.ru&LICENSE_KEY=X&SUPD_STS=1&SUPD_URS=0&SUPD_URSA=1&TYPENC=E&CLIENT_PHPVER=5.3.3&dbv=5.1.73&instm=main%2C15.0.6%2CN%3Bsearch%2C14.5.3%2CN%3Bclouds%2C15.0.0%2CN%3Bbitrixcloud%2C15.0.0%2CN%3Bperfmon%2C15.0.2%2CN%3Bcompression%2C14.0.0%2CN%3Bhighloadblock%2C15.0.2%2CN%3Bfileman%2C15.0.1%2CN%3Biblock%2C15.0.4%2CN%3Bseo%2C15.0.0%2CN%3Bsocialservices%2C14.5.8%2CN%3Bbitrix.sitecorporate%2C15.0.0%2CN&reqm=bitrix.sitecorporate&fullmoduleinfo=Y&SUPD_SRS=RU&SUPD_CMP=N
2015-06-23 14:17:18 -  - exec CUpdateClientPartner::GetHTTPPage
2015-06-23 14:17:19 -  - TIME GetUpdatesList(request) 0.728 sec
2015-06-23 14:17:19 -  - exec CUpdateClientPartner::ParseServerData
2015-06-23 14:17:19 - Ux12 - Ошибка описания модуля "parser"
2015-06-23 14:17:52 - Ux12 - Ошибка описания модуля "parser"
2015-06-23 14:17:52 -  - exec CUpdateClientPartner::GetUpdatesList
2015-06-23 14:17:52 -  - exec CUpdateClientPartner::__CollectRequestData
2015-06-23 14:17:52 - Ux12 - Ошибка описания модуля "parser"
2015-06-23 14:17:52 -  - utf=Y&lang=ru&stable=Y&CANGZIP=Y&SUPD_DBS=MYSQL&XE=N&CLIENT_SITE=szv.ayers.ru&LICENSE_KEY=X&SUPD_STS=1&SUPD_URS=0&SUPD_URSA=1&TYPENC=E&CLIENT_PHPVER=5.3.3&dbv=5.1.73&instm=main%2C15.0.6%2CN%3Bsearch%2C14.5.3%2CN%3Bclouds%2C15.0.0%2CN%3Bbitrixcloud%2C15.0.0%2CN%3Bperfmon%2C15.0.2%2CN%3Bcompression%2C14.0.0%2CN%3Bhighloadblock%2C15.0.2%2CN%3Bfileman%2C15.0.1%2CN%3Biblock%2C15.0.4%2CN%3Bseo%2C15.0.0%2CN%3Bsocialservices%2C14.5.8%2CN%3Bbitrix.sitecorporate%2C15.0.0%2CN&reqm=bitrix.sitecorporate&fullmoduleinfo=Y&SUPD_SRS=RU&SUPD_CMP=N
2015-06-23 14:17:52 -  - exec CUpdateClientPartner::GetHTTPPage
2015-06-23 14:17:52 -  - TIME GetUpdatesList(request) 0.295 sec
2015-06-23 14:17:52 -  - exec CUpdateClientPartner::ParseServerData
2015-06-23 14:17:52 - Ux12 - Ошибка описания модуля "parser"
2015-06-24 13:14:34 - Ux12 - Ошибка описания модуля "parser"
2015-06-24 13:14:38 - Ux12 - Ошибка описания модуля "parser"
2015-06-24 13:14:40 - Ux12 - Ошибка описания модуля "parser"
2015-06-24 13:14:41 -  - exec CUpdateClientPartner::GetUpdatesList
2015-06-24 13:14:41 -  - exec CUpdateClientPartner::__CollectRequestData
2015-06-24 13:14:41 - Ux12 - Ошибка описания модуля "parser"
2015-06-24 13:14:41 -  - utf=Y&lang=ru&stable=Y&CANGZIP=Y&SUPD_DBS=MYSQL&XE=N&CLIENT_SITE=szv.ayers.ru&LICENSE_KEY=X&SUPD_STS=1&SUPD_URS=0&SUPD_URSA=1&TYPENC=E&CLIENT_PHPVER=5.3.3&dbv=5.1.73&instm=main%2C15.0.6%2CN%3Bsearch%2C14.5.3%2CN%3Bclouds%2C15.0.0%2CN%3Bbitrixcloud%2C15.0.0%2CN%3Bperfmon%2C15.0.2%2CN%3Bcompression%2C14.0.0%2CN%3Bhighloadblock%2C15.0.2%2CN%3Bfileman%2C15.0.1%2CN%3Biblock%2C15.0.4%2CN%3Bseo%2C15.0.0%2CN%3Bsocialservices%2C14.5.8%2CN%3Bbitrix.sitecorporate%2C15.0.0%2CN&reqm=bitrix.sitecorporate%2Ccube.ufpropertyhtml&SUPD_SRS=RU&SUPD_CMP=N
2015-06-24 13:14:41 -  - exec CUpdateClientPartner::GetHTTPPage
2015-06-24 13:14:41 -  - TIME GetUpdatesList(request) 0.457 sec
2015-06-24 13:14:41 -  - exec CUpdateClientPartner::ParseServerData
2015-06-24 13:14:41 - Ux12 - Ошибка описания модуля "parser"
2015-06-24 13:14:52 -  - exec CUpdateClientPartner::LoadModulesUpdates
2015-06-24 13:14:52 -  - exec CUpdateClientPartner::__CollectRequestData
2015-06-24 13:14:52 - Ux12 - Ошибка описания модуля "parser"
2015-06-24 13:14:52 -  - utf=Y&lang=ru&stable=Y&CANGZIP=Y&SUPD_DBS=MYSQL&XE=N&CLIENT_SITE=szv.ayers.ru&LICENSE_KEY=X&SUPD_STS=1&SUPD_URS=0&SUPD_URSA=1&TYPENC=E&CLIENT_PHPVER=5.3.3&dbv=5.1.73&instm=main%2C15.0.6%2CN%3Bsearch%2C14.5.3%2CN%3Bclouds%2C15.0.0%2CN%3Bbitrixcloud%2C15.0.0%2CN%3Bperfmon%2C15.0.2%2CN%3Bcompression%2C14.0.0%2CN%3Bhighloadblock%2C15.0.2%2CN%3Bfileman%2C15.0.1%2CN%3Biblock%2C15.0.4%2CN%3Bseo%2C15.0.0%2CN%3Bsocialservices%2C14.5.8%2CN%3Bbitrix.sitecorporate%2C15.0.0%2CN&reqm=cube.ufpropertyhtml&lim=Y&SUPD_SRS=RU&SUPD_CMP=N
2015-06-24 13:14:52 -  - exec CUpdateClientPartner::GetHTTPPage
2015-06-24 13:14:52 -  - TIME LoadModulesUpdates(request) 0.594 sec
2015-06-24 13:14:52 -  - exec CUpdateClientPartner::ParseServerData
2015-06-24 13:14:52 - LMU01 - LoadModulesUpdates-Step
2015-06-24 13:14:53 -  - exec CUpdateClientPartner::LoadModulesUpdates
2015-06-24 13:14:53 -  - exec CUpdateClientPartner::__CollectRequestData
2015-06-24 13:14:53 - Ux12 - Ошибка описания модуля "parser"
2015-06-24 13:14:53 -  - exec CUpdateClientPartner::ParseServerData
2015-06-24 13:14:53 - DOWNLOAD - Time - 0.74217700958252 sec
2015-06-24 13:14:53 -  - exec CUpdateClientPartner::UnGzipArchive
2015-06-24 13:14:53 -  - TIME UnGzipArchive 0.006 sec
2015-06-24 13:14:53 -  - TIME UpdateStepModules 0.005 sec
2015-06-24 13:14:53 - UPD_SUCCESS - Updated: cube.ufpropertyhtml
2015-06-24 13:14:54 -  - exec CUpdateClientPartner::LoadModulesUpdates
2015-06-24 13:14:54 -  - exec CUpdateClientPartner::__CollectRequestData
2015-06-24 13:14:54 - Ux12 - Ошибка описания модуля "parser"
2015-06-24 13:14:54 -  - utf=Y&lang=ru&stable=Y&CANGZIP=Y&SUPD_DBS=MYSQL&XE=N&CLIENT_SITE=szv.ayers.ru&LICENSE_KEY=X&SUPD_STS=1&SUPD_URS=0&SUPD_URSA=1&TYPENC=E&CLIENT_PHPVER=5.3.3&dbv=5.1.73&instm=main%2C15.0.6%2CN%3Bsearch%2C14.5.3%2CN%3Bclouds%2C15.0.0%2CN%3Bbitrixcloud%2C15.0.0%2CN%3Bperfmon%2C15.0.2%2CN%3Bcompression%2C14.0.0%2CN%3Bcube.ufpropertyhtml%2C1.0.5%2CN%3Bhighloadblock%2C15.0.2%2CN%3Bfileman%2C15.0.1%2CN%3Biblock%2C15.0.4%2CN%3Bseo%2C15.0.0%2CN%3Bsocialservices%2C14.5.8%2CN%3Bbitrix.sitecorporate%2C15.0.0%2CN&reqm=cube.ufpropertyhtml&lim=Y&SUPD_SRS=RU&SUPD_CMP=N
2015-06-24 13:14:54 -  - exec CUpdateClientPartner::GetHTTPPage
2015-06-24 13:14:54 -  - TIME LoadModulesUpdates(request) 0.721 sec
2015-06-24 13:14:54 -  - exec CUpdateClientPartner::ParseServerData
2015-06-24 13:14:54 - STEP - Finish - NOUPDATES
2015-06-24 13:14:54 - STEP - Finish - NOUPDATES
2015-06-24 13:14:59 - Ux12 - Ошибка описания модуля "parser"
2015-06-24 13:14:59 -  - exec CUpdateClientPartner::GetUpdatesList
2015-06-24 13:14:59 -  - exec CUpdateClientPartner::__CollectRequestData
2015-06-24 13:14:59 - Ux12 - Ошибка описания модуля "parser"
2015-06-24 13:14:59 -  - utf=Y&lang=ru&stable=Y&CANGZIP=Y&SUPD_DBS=MYSQL&XE=N&CLIENT_SITE=szv.ayers.ru&LICENSE_KEY=X&SUPD_STS=1&SUPD_URS=0&SUPD_URSA=1&TYPENC=E&CLIENT_PHPVER=5.3.3&dbv=5.1.73&instm=main%2C15.0.6%2CN%3Bsearch%2C14.5.3%2CN%3Bclouds%2C15.0.0%2CN%3Bbitrixcloud%2C15.0.0%2CN%3Bperfmon%2C15.0.2%2CN%3Bcompression%2C14.0.0%2CN%3Bcube.ufpropertyhtml%2C1.0.5%2CN%3Bhighloadblock%2C15.0.2%2CN%3Bfileman%2C15.0.1%2CN%3Biblock%2C15.0.4%2CN%3Bseo%2C15.0.0%2CN%3Bsocialservices%2C14.5.8%2CN%3Bbitrix.sitecorporate%2C15.0.0%2CN&reqm=cube.ufpropertyhtml%2Cbitrix.sitecorporate&fullmoduleinfo=Y&SUPD_SRS=RU&SUPD_CMP=N
2015-06-24 13:14:59 -  - exec CUpdateClientPartner::GetHTTPPage
2015-06-24 13:14:59 -  - TIME GetUpdatesList(request) 0.47 sec
2015-06-24 13:14:59 -  - exec CUpdateClientPartner::ParseServerData
2015-06-24 13:14:59 - Ux12 - Ошибка описания модуля "parser"
2015-06-29 10:27:59 - Ux12 - Ошибка описания модуля "parser"
2015-06-29 10:28:08 - Ux12 - Ошибка описания модуля "parser"
2015-06-29 10:28:18 - Ux12 - Ошибка описания модуля "parser"
2015-06-29 10:28:22 - Ux12 - Ошибка описания модуля "parser"
2015-06-29 10:28:42 - Ux12 - Ошибка описания модуля "parser"
2015-06-29 10:28:43 -  - exec CUpdateClientPartner::GetUpdatesList
2015-06-29 10:28:43 -  - exec CUpdateClientPartner::__CollectRequestData
2015-06-29 10:28:43 - Ux12 - Ошибка описания модуля "parser"
2015-06-29 10:28:43 -  - utf=Y&lang=ru&stable=Y&CANGZIP=Y&SUPD_DBS=MYSQL&XE=N&CLIENT_SITE=szv.ayers.ru&LICENSE_KEY=X&SUPD_STS=1&SUPD_URS=0&SUPD_URSA=1&TYPENC=E&CLIENT_PHPVER=5.3.3&dbv=5.1.73&instm=main%2C15.0.6%2CN%3Bsearch%2C14.5.3%2CN%3Bclouds%2C15.0.0%2CN%3Bbitrixcloud%2C15.0.0%2CN%3Bperfmon%2C15.0.2%2CN%3Bcompression%2C14.0.0%2CN%3Bcube.ufpropertyhtml%2C1.0.5%2CN%3Bhighloadblock%2C15.0.2%2CN%3Bfileman%2C15.0.1%2CN%3Biblock%2C15.0.4%2CN%3Bseo%2C15.0.0%2CN%3Bsocialservices%2C14.5.8%2CN%3Bbitrix.sitecorporate%2C15.0.0%2CN&reqm=cube.ufpropertyhtml%2Cbitrix.sitecorporate%2Cmystery.thumbs&SUPD_SRS=RU&SUPD_CMP=N
2015-06-29 10:28:43 -  - exec CUpdateClientPartner::GetHTTPPage
2015-06-29 10:28:43 -  - TIME GetUpdatesList(request) 0.297 sec
2015-06-29 10:28:43 -  - exec CUpdateClientPartner::ParseServerData
2015-06-29 10:28:43 - Ux12 - Ошибка описания модуля "parser"
2015-06-29 10:28:48 -  - exec CUpdateClientPartner::LoadModulesUpdates
2015-06-29 10:28:48 -  - exec CUpdateClientPartner::__CollectRequestData
2015-06-29 10:28:48 - Ux12 - Ошибка описания модуля "parser"
2015-06-29 10:28:48 -  - utf=Y&lang=ru&stable=Y&CANGZIP=Y&SUPD_DBS=MYSQL&XE=N&CLIENT_SITE=szv.ayers.ru&LICENSE_KEY=X&SUPD_STS=1&SUPD_URS=0&SUPD_URSA=1&TYPENC=E&CLIENT_PHPVER=5.3.3&dbv=5.1.73&instm=main%2C15.0.6%2CN%3Bsearch%2C14.5.3%2CN%3Bclouds%2C15.0.0%2CN%3Bbitrixcloud%2C15.0.0%2CN%3Bperfmon%2C15.0.2%2CN%3Bcompression%2C14.0.0%2CN%3Bcube.ufpropertyhtml%2C1.0.5%2CN%3Bhighloadblock%2C15.0.2%2CN%3Bfileman%2C15.0.1%2CN%3Biblock%2C15.0.4%2CN%3Bseo%2C15.0.0%2CN%3Bsocialservices%2C14.5.8%2CN%3Bbitrix.sitecorporate%2C15.0.0%2CN&reqm=mystery.thumbs&lim=Y&SUPD_SRS=RU&SUPD_CMP=N
2015-06-29 10:28:48 -  - exec CUpdateClientPartner::GetHTTPPage
2015-06-29 10:28:48 -  - TIME LoadModulesUpdates(request) 0.272 sec
2015-06-29 10:28:48 -  - exec CUpdateClientPartner::ParseServerData
2015-06-29 10:28:48 - LMU01 - LoadModulesUpdates-Step
2015-06-29 10:28:48 -  - exec CUpdateClientPartner::LoadModulesUpdates
2015-06-29 10:28:48 -  - exec CUpdateClientPartner::__CollectRequestData
2015-06-29 10:28:48 - Ux12 - Ошибка описания модуля "parser"
2015-06-29 10:28:48 -  - exec CUpdateClientPartner::ParseServerData
2015-06-29 10:28:49 - DOWNLOAD - Time - 0.25893306732178 sec
2015-06-29 10:28:49 -  - exec CUpdateClientPartner::UnGzipArchive
2015-06-29 10:28:49 -  - TIME UnGzipArchive 0.013 sec
2015-06-29 10:28:49 -  - TIME UpdateStepModules 0.007 sec
2015-06-29 10:28:49 - UPD_SUCCESS - Updated: mystery.thumbs
2015-06-29 10:28:49 -  - exec CUpdateClientPartner::LoadModulesUpdates
2015-06-29 10:28:49 -  - exec CUpdateClientPartner::__CollectRequestData
2015-06-29 10:28:49 - Ux12 - Ошибка описания модуля "parser"
2015-06-29 10:28:49 -  - utf=Y&lang=ru&stable=Y&CANGZIP=Y&SUPD_DBS=MYSQL&XE=N&CLIENT_SITE=szv.ayers.ru&LICENSE_KEY=X&SUPD_STS=1&SUPD_URS=0&SUPD_URSA=1&TYPENC=E&CLIENT_PHPVER=5.3.3&dbv=5.1.73&instm=main%2C15.0.6%2CN%3Bsearch%2C14.5.3%2CN%3Bmystery.thumbs%2C1.0.0%2CN%3Bclouds%2C15.0.0%2CN%3Bbitrixcloud%2C15.0.0%2CN%3Bperfmon%2C15.0.2%2CN%3Bcompression%2C14.0.0%2CN%3Bcube.ufpropertyhtml%2C1.0.5%2CN%3Bhighloadblock%2C15.0.2%2CN%3Bfileman%2C15.0.1%2CN%3Biblock%2C15.0.4%2CN%3Bseo%2C15.0.0%2CN%3Bsocialservices%2C14.5.8%2CN%3Bbitrix.sitecorporate%2C15.0.0%2CN&reqm=mystery.thumbs&lim=Y&SUPD_SRS=RU&SUPD_CMP=N
2015-06-29 10:28:49 -  - exec CUpdateClientPartner::GetHTTPPage
2015-06-29 10:28:49 -  - TIME LoadModulesUpdates(request) 0.243 sec
2015-06-29 10:28:49 -  - exec CUpdateClientPartner::ParseServerData
2015-06-29 10:28:49 - LMU01 - LoadModulesUpdates-Step
2015-06-29 10:28:49 -  - exec CUpdateClientPartner::LoadModulesUpdates
2015-06-29 10:28:49 -  - exec CUpdateClientPartner::__CollectRequestData
2015-06-29 10:28:49 - Ux12 - Ошибка описания модуля "parser"
2015-06-29 10:28:49 -  - exec CUpdateClientPartner::ParseServerData
2015-06-29 10:28:50 - DOWNLOAD - Time - 0.26846599578857 sec
2015-06-29 10:28:50 -  - exec CUpdateClientPartner::UnGzipArchive
2015-06-29 10:28:50 -  - TIME UnGzipArchive 0.007 sec
2015-06-29 10:28:50 -  - TIME UpdateStepModules 0.007 sec
2015-06-29 10:28:50 - UPD_SUCCESS - Updated: mystery.thumbs (1.1.0)<br>__1. Создается реальная папка /thumb/ в которой по реально-запрашиваемым адресам располагаются файлы. Это позволяет nginx отдавать полученные урезанные картинки как статику без участия апача. __2. Внешние файлы (из облака или со сторонних сайтов) - так же проходят обработку через апач. (сделать как в п.1 невозможно из-за наличия названия протокола в пути к файлу) __3. Если на вход поступает картинка без расширения (бывает при выгрузке из 1С или просто от хорошей жизни), картинка считается картинкой формата jpg __4. Переписаны заголовки (в т.ч. Cache-Control: public, max-age = 30 суток с момента создания файла) __5. Добавлено свойство \"разделы-исключения для наложения водного знака\" (в каких-то конкретных разделах сайта можно выводить картинки без водного знака, тогда как на всем остальном сайте водный знак будет присутствовать) __6. Добавлена поддержка файлов, расширения которых написано КАПСОМ (*.PNG, *.JPG, ...)
2015-06-29 10:28:50 -  - exec CUpdateClientPartner::LoadModulesUpdates
2015-06-29 10:28:50 -  - exec CUpdateClientPartner::__CollectRequestData
2015-06-29 10:28:50 - Ux12 - Ошибка описания модуля "parser"
2015-06-29 10:28:50 -  - utf=Y&lang=ru&stable=Y&CANGZIP=Y&SUPD_DBS=MYSQL&XE=N&CLIENT_SITE=szv.ayers.ru&LICENSE_KEY=X&SUPD_STS=1&SUPD_URS=0&SUPD_URSA=1&TYPENC=E&CLIENT_PHPVER=5.3.3&dbv=5.1.73&instm=main%2C15.0.6%2CN%3Bsearch%2C14.5.3%2CN%3Bmystery.thumbs%2C1.1.0%2CN%3Bclouds%2C15.0.0%2CN%3Bbitrixcloud%2C15.0.0%2CN%3Bperfmon%2C15.0.2%2CN%3Bcompression%2C14.0.0%2CN%3Bcube.ufpropertyhtml%2C1.0.5%2CN%3Bhighloadblock%2C15.0.2%2CN%3Bfileman%2C15.0.1%2CN%3Biblock%2C15.0.4%2CN%3Bseo%2C15.0.0%2CN%3Bsocialservices%2C14.5.8%2CN%3Bbitrix.sitecorporate%2C15.0.0%2CN&reqm=mystery.thumbs&lim=Y&SUPD_SRS=RU&SUPD_CMP=N
2015-06-29 10:28:50 -  - exec CUpdateClientPartner::GetHTTPPage
2015-06-29 10:28:50 -  - TIME LoadModulesUpdates(request) 0.299 sec
2015-06-29 10:28:50 -  - exec CUpdateClientPartner::ParseServerData
2015-06-29 10:28:50 - STEP - Finish - NOUPDATES
2015-06-29 10:28:50 - STEP - Finish - NOUPDATES
2015-06-29 10:28:59 - Ux12 - Ошибка описания модуля "parser"
2015-06-29 10:28:59 -  - exec CUpdateClientPartner::GetUpdatesList
2015-06-29 10:28:59 -  - exec CUpdateClientPartner::__CollectRequestData
2015-06-29 10:28:59 - Ux12 - Ошибка описания модуля "parser"
2015-06-29 10:28:59 -  - utf=Y&lang=ru&stable=Y&CANGZIP=Y&SUPD_DBS=MYSQL&XE=N&CLIENT_SITE=szv.ayers.ru&LICENSE_KEY=X&SUPD_STS=1&SUPD_URS=0&SUPD_URSA=1&TYPENC=E&CLIENT_PHPVER=5.3.3&dbv=5.1.73&instm=main%2C15.0.6%2CN%3Bsearch%2C14.5.3%2CN%3Bmystery.thumbs%2C1.1.0%2CN%3Bclouds%2C15.0.0%2CN%3Bbitrixcloud%2C15.0.0%2CN%3Bperfmon%2C15.0.2%2CN%3Bcompression%2C14.0.0%2CN%3Bcube.ufpropertyhtml%2C1.0.5%2CN%3Bhighloadblock%2C15.0.2%2CN%3Bfileman%2C15.0.1%2CN%3Biblock%2C15.0.4%2CN%3Bseo%2C15.0.0%2CN%3Bsocialservices%2C14.5.8%2CN%3Bbitrix.sitecorporate%2C15.0.0%2CN&reqm=mystery.thumbs%2Ccube.ufpropertyhtml%2Cbitrix.sitecorporate&fullmoduleinfo=Y&SUPD_SRS=RU&SUPD_CMP=N
2015-06-29 10:28:59 -  - exec CUpdateClientPartner::GetHTTPPage
2015-06-29 10:28:59 -  - TIME GetUpdatesList(request) 0.264 sec
2015-06-29 10:28:59 -  - exec CUpdateClientPartner::ParseServerData
2015-06-29 10:28:59 - Ux12 - Ошибка описания модуля "parser"
2015-06-29 10:29:10 - Ux12 - Ошибка описания модуля "parser"
2015-06-29 10:29:10 -  - exec CUpdateClientPartner::GetUpdatesList
2015-06-29 10:29:10 -  - exec CUpdateClientPartner::__CollectRequestData
2015-06-29 10:29:10 - Ux12 - Ошибка описания модуля "parser"
2015-06-29 10:29:10 -  - utf=Y&lang=ru&stable=Y&CANGZIP=Y&SUPD_DBS=MYSQL&XE=N&CLIENT_SITE=szv.ayers.ru&LICENSE_KEY=X&SUPD_STS=1&SUPD_URS=0&SUPD_URSA=1&TYPENC=E&CLIENT_PHPVER=5.3.3&dbv=5.1.73&instm=main%2C15.0.6%2CN%3Bsearch%2C14.5.3%2CN%3Bmystery.thumbs%2C1.1.0%2CN%3Bclouds%2C15.0.0%2CN%3Bbitrixcloud%2C15.0.0%2CN%3Bperfmon%2C15.0.2%2CN%3Bcompression%2C14.0.0%2CN%3Bcube.ufpropertyhtml%2C1.0.5%2CN%3Bhighloadblock%2C15.0.2%2CN%3Bfileman%2C15.0.1%2CN%3Biblock%2C15.0.4%2CN%3Bseo%2C15.0.0%2CN%3Bsocialservices%2C14.5.8%2CN%3Bbitrix.sitecorporate%2C15.0.0%2CN&reqm=mystery.thumbs%2Ccube.ufpropertyhtml%2Cbitrix.sitecorporate&fullmoduleinfo=Y&SUPD_SRS=RU&SUPD_CMP=N
2015-06-29 10:29:10 -  - exec CUpdateClientPartner::GetHTTPPage
2015-06-29 10:29:10 -  - TIME GetUpdatesList(request) 0.349 sec
2015-06-29 10:29:10 -  - exec CUpdateClientPartner::ParseServerData
2015-06-29 10:29:10 - Ux12 - Ошибка описания модуля "parser"
2015-06-29 10:38:52 - Ux12 - Ошибка описания модуля "parser"
2015-06-29 10:38:52 -  - exec CUpdateClientPartner::GetUpdatesList
2015-06-29 10:38:52 -  - exec CUpdateClientPartner::__CollectRequestData
2015-06-29 10:38:52 - Ux12 - Ошибка описания модуля "parser"
2015-06-29 10:38:52 -  - utf=Y&lang=ru&stable=Y&CANGZIP=Y&SUPD_DBS=MYSQL&XE=N&CLIENT_SITE=szv.ayers.ru&LICENSE_KEY=X&SUPD_STS=1&SUPD_URS=0&SUPD_URSA=1&TYPENC=E&CLIENT_PHPVER=5.3.3&dbv=5.1.73&instm=main%2C15.0.6%2CN%3Bsearch%2C14.5.3%2CN%3Bmystery.thumbs%2C1.1.0%2CN%3Bclouds%2C15.0.0%2CN%3Bbitrixcloud%2C15.0.0%2CN%3Bperfmon%2C15.0.2%2CN%3Bcompression%2C14.0.0%2CN%3Bcube.ufpropertyhtml%2C1.0.5%2CN%3Bhighloadblock%2C15.0.2%2CN%3Bfileman%2C15.0.1%2CN%3Biblock%2C15.0.4%2CN%3Bseo%2C15.0.0%2CN%3Bsocialservices%2C14.5.8%2CN%3Bbitrix.sitecorporate%2C15.0.0%2CN&reqm=mystery.thumbs%2Ccube.ufpropertyhtml%2Cbitrix.sitecorporate&fullmoduleinfo=Y&SUPD_SRS=RU&SUPD_CMP=N
2015-06-29 10:38:52 -  - exec CUpdateClientPartner::GetHTTPPage
2015-06-29 10:38:52 -  - TIME GetUpdatesList(request) 0.291 sec
2015-06-29 10:38:52 -  - exec CUpdateClientPartner::ParseServerData
2015-06-29 10:38:52 - Ux12 - Ошибка описания модуля "parser"
2015-06-29 10:38:58 - Ux12 - Ошибка описания модуля "parser"
2015-06-29 10:38:58 -  - exec CUpdateClientPartner::GetUpdatesList
2015-06-29 10:38:58 -  - exec CUpdateClientPartner::__CollectRequestData
2015-06-29 10:38:58 - Ux12 - Ошибка описания модуля "parser"
2015-06-29 10:38:58 -  - utf=Y&lang=ru&stable=Y&CANGZIP=Y&SUPD_DBS=MYSQL&XE=N&CLIENT_SITE=szv.ayers.ru&LICENSE_KEY=X&SUPD_STS=1&SUPD_URS=0&SUPD_URSA=1&TYPENC=E&CLIENT_PHPVER=5.3.3&dbv=5.1.73&instm=main%2C15.0.6%2CN%3Bsearch%2C14.5.3%2CN%3Bmystery.thumbs%2C1.1.0%2CN%3Bclouds%2C15.0.0%2CN%3Bbitrixcloud%2C15.0.0%2CN%3Bperfmon%2C15.0.2%2CN%3Bcompression%2C14.0.0%2CN%3Bcube.ufpropertyhtml%2C1.0.5%2CN%3Bhighloadblock%2C15.0.2%2CN%3Bfileman%2C15.0.1%2CN%3Biblock%2C15.0.4%2CN%3Bseo%2C15.0.0%2CN%3Bsocialservices%2C14.5.8%2CN%3Bbitrix.sitecorporate%2C15.0.0%2CN&reqm=mystery.thumbs%2Ccube.ufpropertyhtml%2Cbitrix.sitecorporate&fullmoduleinfo=Y&SUPD_SRS=RU&SUPD_CMP=N
2015-06-29 10:38:58 -  - exec CUpdateClientPartner::GetHTTPPage
2015-06-29 10:38:58 -  - TIME GetUpdatesList(request) 0.273 sec
2015-06-29 10:38:58 -  - exec CUpdateClientPartner::ParseServerData
2015-06-29 10:38:58 - Ux12 - Ошибка описания модуля "parser"
2015-06-29 10:39:00 - Ux12 - Ошибка описания модуля "parser"
2015-06-29 10:39:00 -  - exec CUpdateClientPartner::GetUpdatesList
2015-06-29 10:39:00 -  - exec CUpdateClientPartner::__CollectRequestData
2015-06-29 10:39:00 - Ux12 - Ошибка описания модуля "parser"
2015-06-29 10:39:00 -  - utf=Y&lang=ru&stable=Y&CANGZIP=Y&SUPD_DBS=MYSQL&XE=N&CLIENT_SITE=szv.ayers.ru&LICENSE_KEY=X&SUPD_STS=1&SUPD_URS=0&SUPD_URSA=1&TYPENC=E&CLIENT_PHPVER=5.3.3&dbv=5.1.73&instm=main%2C15.0.6%2CN%3Bsearch%2C14.5.3%2CN%3Bmystery.thumbs%2C1.1.0%2CN%3Bclouds%2C15.0.0%2CN%3Bbitrixcloud%2C15.0.0%2CN%3Bperfmon%2C15.0.2%2CN%3Bcompression%2C14.0.0%2CN%3Bcube.ufpropertyhtml%2C1.0.5%2CN%3Bhighloadblock%2C15.0.2%2CN%3Bfileman%2C15.0.1%2CN%3Biblock%2C15.0.4%2CN%3Bseo%2C15.0.0%2CN%3Bsocialservices%2C14.5.8%2CN%3Bbitrix.sitecorporate%2C15.0.0%2CN&reqm=mystery.thumbs%2Ccube.ufpropertyhtml%2Cbitrix.sitecorporate&fullmoduleinfo=Y&SUPD_SRS=RU&SUPD_CMP=N
2015-06-29 10:39:00 -  - exec CUpdateClientPartner::GetHTTPPage
2015-06-29 10:39:00 -  - TIME GetUpdatesList(request) 0.238 sec
2015-06-29 10:39:00 -  - exec CUpdateClientPartner::ParseServerData
2015-06-29 10:39:00 - Ux12 - Ошибка описания модуля "parser"
2015-06-29 12:18:16 - Ux12 - Ошибка описания модуля "parser"
2015-06-29 12:18:16 -  - exec CUpdateClientPartner::GetUpdatesList
2015-06-29 12:18:16 -  - exec CUpdateClientPartner::__CollectRequestData
2015-06-29 12:18:16 - Ux12 - Ошибка описания модуля "parser"
2015-06-29 12:18:16 -  - utf=Y&lang=ru&stable=Y&CANGZIP=Y&SUPD_DBS=MYSQL&XE=N&CLIENT_SITE=szv.ayers.ru&LICENSE_KEY=X&SUPD_STS=1&SUPD_URS=0&SUPD_URSA=1&TYPENC=E&CLIENT_PHPVER=5.3.3&dbv=5.1.73&instm=main%2C15.0.6%2CN%3Bsearch%2C14.5.3%2CN%3Bmystery.thumbs%2C1.1.0%2CN%3Bclouds%2C15.0.0%2CN%3Bbitrixcloud%2C15.0.0%2CN%3Bperfmon%2C15.0.2%2CN%3Bcompression%2C14.0.0%2CN%3Bcube.ufpropertyhtml%2C1.0.5%2CN%3Bhighloadblock%2C15.0.2%2CN%3Bfileman%2C15.0.1%2CN%3Biblock%2C15.0.4%2CN%3Bseo%2C15.0.0%2CN%3Bsocialservices%2C14.5.8%2CN%3Bbitrix.sitecorporate%2C15.0.0%2CN&reqm=mystery.thumbs%2Ccube.ufpropertyhtml%2Cbitrix.sitecorporate&fullmoduleinfo=Y&SUPD_SRS=RU&SUPD_CMP=N
2015-06-29 12:18:16 -  - exec CUpdateClientPartner::GetHTTPPage
2015-06-29 12:18:16 -  - TIME GetUpdatesList(request) 0.322 sec
2015-06-29 12:18:16 -  - exec CUpdateClientPartner::ParseServerData
2015-06-29 12:18:16 - Ux12 - Ошибка описания модуля "parser"
2015-06-29 12:18:19 - Ux12 - Ошибка описания модуля "parser"
2015-06-29 12:18:19 -  - exec CUpdateClientPartner::GetUpdatesList
2015-06-29 12:18:19 -  - exec CUpdateClientPartner::__CollectRequestData
2015-06-29 12:18:19 - Ux12 - Ошибка описания модуля "parser"
2015-06-29 12:18:19 -  - utf=Y&lang=ru&stable=Y&CANGZIP=Y&SUPD_DBS=MYSQL&XE=N&CLIENT_SITE=szv.ayers.ru&LICENSE_KEY=X&SUPD_STS=1&SUPD_URS=0&SUPD_URSA=1&TYPENC=E&CLIENT_PHPVER=5.3.3&dbv=5.1.73&instm=main%2C15.0.6%2CN%3Bsearch%2C14.5.3%2CN%3Bmystery.thumbs%2C1.1.0%2CN%3Bclouds%2C15.0.0%2CN%3Bbitrixcloud%2C15.0.0%2CN%3Bperfmon%2C15.0.2%2CN%3Bcompression%2C14.0.0%2CN%3Bcube.ufpropertyhtml%2C1.0.5%2CN%3Bhighloadblock%2C15.0.2%2CN%3Bfileman%2C15.0.1%2CN%3Biblock%2C15.0.4%2CN%3Bseo%2C15.0.0%2CN%3Bsocialservices%2C14.5.8%2CN%3Bbitrix.sitecorporate%2C15.0.0%2CN&reqm=mystery.thumbs%2Ccube.ufpropertyhtml%2Cbitrix.sitecorporate&fullmoduleinfo=Y&SUPD_SRS=RU&SUPD_CMP=N
2015-06-29 12:18:19 -  - exec CUpdateClientPartner::GetHTTPPage
2015-06-29 12:18:19 -  - TIME GetUpdatesList(request) 0.263 sec
2015-06-29 12:18:19 -  - exec CUpdateClientPartner::ParseServerData
2015-06-29 12:18:19 - Ux12 - Ошибка описания модуля "parser"
2015-06-29 12:19:12 - Ux12 - Ошибка описания модуля "parser"
2015-06-29 12:19:12 -  - exec CUpdateClientPartner::GetUpdatesList
2015-06-29 12:19:12 -  - exec CUpdateClientPartner::__CollectRequestData
2015-06-29 12:19:12 - Ux12 - Ошибка описания модуля "parser"
2015-06-29 12:19:12 -  - utf=Y&lang=ru&stable=Y&CANGZIP=Y&SUPD_DBS=MYSQL&XE=N&CLIENT_SITE=szv.ayers.ru&LICENSE_KEY=X&SUPD_STS=1&SUPD_URS=0&SUPD_URSA=1&TYPENC=E&CLIENT_PHPVER=5.3.3&dbv=5.1.73&instm=main%2C15.0.6%2CN%3Bsearch%2C14.5.3%2CN%3Bmystery.thumbs%2C1.1.0%2CN%3Bclouds%2C15.0.0%2CN%3Bbitrixcloud%2C15.0.0%2CN%3Bperfmon%2C15.0.2%2CN%3Bcompression%2C14.0.0%2CN%3Bcube.ufpropertyhtml%2C1.0.5%2CN%3Bhighloadblock%2C15.0.2%2CN%3Bfileman%2C15.0.1%2CN%3Biblock%2C15.0.4%2CN%3Bseo%2C15.0.0%2CN%3Bsocialservices%2C14.5.8%2CN%3Bbitrix.sitecorporate%2C15.0.0%2CN&reqm=mystery.thumbs%2Ccube.ufpropertyhtml%2Cbitrix.sitecorporate&fullmoduleinfo=Y&SUPD_SRS=RU&SUPD_CMP=N
2015-06-29 12:19:12 -  - exec CUpdateClientPartner::GetHTTPPage
2015-06-29 12:19:13 -  - TIME GetUpdatesList(request) 0.458 sec
2015-06-29 12:19:13 -  - exec CUpdateClientPartner::ParseServerData
2015-06-29 12:19:13 - Ux12 - Ошибка описания модуля "parser"
2015-06-30 10:35:48 - Ux12 - Ошибка описания модуля "parser"
2015-06-30 10:36:03 - Ux12 - Ошибка описания модуля "parser"
2015-06-30 10:37:20 - Ux12 - Ошибка описания модуля "parser"
2015-06-30 10:37:20 -  - exec CUpdateClientPartner::GetUpdatesList
2015-06-30 10:37:20 -  - exec CUpdateClientPartner::__CollectRequestData
2015-06-30 10:37:20 - Ux12 - Ошибка описания модуля "parser"
2015-06-30 10:37:20 -  - utf=Y&lang=ru&stable=Y&CANGZIP=Y&SUPD_DBS=MYSQL&XE=N&CLIENT_SITE=szv.ayers.ru&LICENSE_KEY=X&SUPD_STS=1&SUPD_URS=0&SUPD_URSA=1&TYPENC=E&CLIENT_PHPVER=5.3.3&dbv=5.1.73&instm=main%2C15.0.6%2CN%3Bsearch%2C14.5.3%2CN%3Bmystery.thumbs%2C1.1.0%2CN%3Bclouds%2C15.0.0%2CN%3Bbitrixcloud%2C15.0.0%2CN%3Bperfmon%2C15.0.2%2CN%3Bcompression%2C14.0.0%2CN%3Bcube.ufpropertyhtml%2C1.0.5%2CN%3Bhighloadblock%2C15.0.2%2CN%3Bfileman%2C15.0.1%2CN%3Biblock%2C15.0.4%2CN%3Bseo%2C15.0.0%2CN%3Bsocialservices%2C14.5.8%2CN%3Bbitrix.sitecorporate%2C15.0.0%2CN&reqm=mystery.thumbs%2Ccube.ufpropertyhtml%2Cbitrix.sitecorporate&fullmoduleinfo=Y&SUPD_SRS=RU&SUPD_CMP=N
2015-06-30 10:37:20 -  - exec CUpdateClientPartner::GetHTTPPage
2015-06-30 10:37:21 -  - TIME GetUpdatesList(request) 0.445 sec
2015-06-30 10:37:21 -  - exec CUpdateClientPartner::ParseServerData
2015-06-30 10:37:21 - Ux12 - Ошибка описания модуля "parser"
2015-06-30 10:37:28 - Ux12 - Ошибка описания модуля "parser"
2015-06-30 10:37:28 -  - exec CUpdateClientPartner::GetUpdatesList
2015-06-30 10:37:28 -  - exec CUpdateClientPartner::__CollectRequestData
2015-06-30 10:37:28 - Ux12 - Ошибка описания модуля "parser"
2015-06-30 10:37:28 -  - utf=Y&lang=ru&stable=Y&CANGZIP=Y&SUPD_DBS=MYSQL&XE=N&CLIENT_SITE=szv.ayers.ru&LICENSE_KEY=X&SUPD_STS=1&SUPD_URS=0&SUPD_URSA=1&TYPENC=E&CLIENT_PHPVER=5.3.3&dbv=5.1.73&instm=main%2C15.0.6%2CN%3Bsearch%2C14.5.3%2CN%3Bmystery.thumbs%2C1.1.0%2CN%3Bclouds%2C15.0.0%2CN%3Bbitrixcloud%2C15.0.0%2CN%3Bperfmon%2C15.0.2%2CN%3Bcompression%2C14.0.0%2CN%3Bcube.ufpropertyhtml%2C1.0.5%2CN%3Bhighloadblock%2C15.0.2%2CN%3Bfileman%2C15.0.1%2CN%3Biblock%2C15.0.4%2CN%3Bseo%2C15.0.0%2CN%3Bsocialservices%2C14.5.8%2CN%3Bbitrix.sitecorporate%2C15.0.0%2CN&reqm=mystery.thumbs%2Ccube.ufpropertyhtml%2Cbitrix.sitecorporate&SUPD_SRS=RU&SUPD_CMP=N
2015-06-30 10:37:28 -  - exec CUpdateClientPartner::GetHTTPPage
2015-06-30 10:37:28 -  - TIME GetUpdatesList(request) 0.375 sec
2015-06-30 10:37:28 -  - exec CUpdateClientPartner::ParseServerData
2015-06-30 10:37:28 - Ux12 - Ошибка описания модуля "parser"
2015-07-08 14:29:49 - Ux12 - Ошибка описания модуля "object.manager"
2015-07-08 14:29:49 - Ux12 - Ошибка описания модуля "parser"
2015-07-08 14:29:52 - Ux12 - Ошибка описания модуля "object.manager"
2015-07-08 14:29:52 - Ux12 - Ошибка описания модуля "parser"
2015-07-08 14:29:52 -  - exec CUpdateClientPartner::GetUpdatesList
2015-07-08 14:29:52 -  - exec CUpdateClientPartner::__CollectRequestData
2015-07-08 14:29:52 - Ux12 - Ошибка описания модуля "object.manager"
2015-07-08 14:29:52 - Ux12 - Ошибка описания модуля "parser"
2015-07-08 14:29:52 -  - utf=Y&lang=ru&stable=Y&CANGZIP=Y&SUPD_DBS=MYSQL&XE=N&CLIENT_SITE=szv.ayers.ru&LICENSE_KEY=X&SUPD_STS=1&SUPD_URS=0&SUPD_URSA=1&TYPENC=E&CLIENT_PHPVER=5.3.3&dbv=5.1.73&instm=main%2C15.0.6%2CN%3Bsearch%2C14.5.3%2CN%3Bmystery.thumbs%2C1.1.0%2CN%3Bclouds%2C15.0.0%2CN%3Bbitrixcloud%2C15.0.0%2CN%3Bperfmon%2C15.0.2%2CN%3Bcompression%2C14.0.0%2CN%3Bcube.ufpropertyhtml%2C1.0.5%2CN%3Bhighloadblock%2C15.0.2%2CN%3Bfileman%2C15.0.1%2CN%3Biblock%2C15.0.4%2CN%3Bseo%2C15.0.0%2CN%3Bsocialservices%2C14.5.8%2CN%3Bbitrix.sitecorporate%2C15.0.0%2CN&reqm=mystery.thumbs%2Ccube.ufpropertyhtml%2Cbitrix.sitecorporate&fullmoduleinfo=Y&SUPD_SRS=RU&SUPD_CMP=N
2015-07-08 14:29:52 -  - exec CUpdateClientPartner::GetHTTPPage
2015-07-08 14:29:53 -  - TIME GetUpdatesList(request) 0.439 sec
2015-07-08 14:29:53 -  - exec CUpdateClientPartner::ParseServerData
2015-07-08 14:29:53 - Ux12 - Ошибка описания модуля "object.manager"
2015-07-08 14:29:53 - Ux12 - Ошибка описания модуля "parser"
2015-07-24 10:51:19 - Ux12 - Ошибка описания модуля "object.manager"
2015-07-24 10:51:19 - Ux12 - Ошибка описания модуля "parser"
2015-07-24 10:51:21 - Ux12 - Ошибка описания модуля "object.manager"
2015-07-24 10:51:21 - Ux12 - Ошибка описания модуля "parser"
2015-07-24 10:51:21 -  - exec CUpdateClientPartner::GetUpdatesList
2015-07-24 10:51:21 -  - exec CUpdateClientPartner::__CollectRequestData
2015-07-24 10:51:21 - Ux12 - Ошибка описания модуля "object.manager"
2015-07-24 10:51:21 - Ux12 - Ошибка описания модуля "parser"
2015-07-24 10:51:21 -  - utf=Y&lang=ru&stable=Y&CANGZIP=Y&SUPD_DBS=MYSQL&XE=N&CLIENT_SITE=szvdom.ru&LICENSE_KEY=X&SUPD_STS=1&SUPD_URS=0&SUPD_URSA=5&TYPENC=E&CLIENT_PHPVER=5.3.3&dbv=5.1.73&instm=main%2C15.0.6%2CN%3Bsearch%2C14.5.3%2CN%3Bmystery.thumbs%2C1.1.0%2CN%3Bclouds%2C15.0.0%2CN%3Bbitrixcloud%2C15.0.0%2CN%3Bperfmon%2C15.0.2%2CN%3Bcompression%2C14.0.0%2CN%3Bcube.ufpropertyhtml%2C1.0.5%2CN%3Bhighloadblock%2C15.0.2%2CN%3Bfileman%2C15.0.1%2CN%3Biblock%2C15.0.4%2CN%3Bseo%2C15.0.0%2CN%3Bsocialservices%2C14.5.8%2CN%3Bbitrix.sitecorporate%2C15.0.0%2CN&reqm=mystery.thumbs%2Ccube.ufpropertyhtml%2Cbitrix.sitecorporate&SUPD_SRS=RU&SUPD_CMP=N
2015-07-24 10:51:21 -  - exec CUpdateClientPartner::GetHTTPPage
2015-07-24 10:51:21 -  - TIME GetUpdatesList(request) 0.384 sec
2015-07-24 10:51:21 -  - exec CUpdateClientPartner::ParseServerData
2015-07-24 10:51:21 - Ux12 - Ошибка описания модуля "object.manager"
2015-07-24 10:51:21 - Ux12 - Ошибка описания модуля "parser"
2015-07-24 10:51:32 - Ux12 - Ошибка описания модуля "object.manager"
2015-07-24 10:51:32 - Ux12 - Ошибка описания модуля "parser"
2015-07-24 10:51:32 -  - exec CUpdateClientPartner::GetUpdatesList
2015-07-24 10:51:32 -  - exec CUpdateClientPartner::__CollectRequestData
2015-07-24 10:51:32 - Ux12 - Ошибка описания модуля "object.manager"
2015-07-24 10:51:32 - Ux12 - Ошибка описания модуля "parser"
2015-07-24 10:51:32 -  - utf=Y&lang=ru&stable=Y&CANGZIP=Y&SUPD_DBS=MYSQL&XE=N&CLIENT_SITE=szvdom.ru&LICENSE_KEY=X&SUPD_STS=1&SUPD_URS=0&SUPD_URSA=5&TYPENC=E&CLIENT_PHPVER=5.3.3&dbv=5.1.73&instm=main%2C15.0.6%2CN%3Bsearch%2C14.5.3%2CN%3Bmystery.thumbs%2C1.1.0%2CN%3Bclouds%2C15.0.0%2CN%3Bbitrixcloud%2C15.0.0%2CN%3Bperfmon%2C15.0.2%2CN%3Bcompression%2C14.0.0%2CN%3Bcube.ufpropertyhtml%2C1.0.5%2CN%3Bhighloadblock%2C15.0.2%2CN%3Bfileman%2C15.0.1%2CN%3Biblock%2C15.0.4%2CN%3Bseo%2C15.0.0%2CN%3Bsocialservices%2C14.5.8%2CN%3Bbitrix.sitecorporate%2C15.0.0%2CN&reqm=mystery.thumbs%2Ccube.ufpropertyhtml%2Cbitrix.sitecorporate&fullmoduleinfo=Y&SUPD_SRS=RU&SUPD_CMP=N
2015-07-24 10:51:32 -  - exec CUpdateClientPartner::GetHTTPPage
2015-07-24 10:51:32 -  - TIME GetUpdatesList(request) 0.375 sec
2015-07-24 10:51:32 -  - exec CUpdateClientPartner::ParseServerData
2015-07-24 10:51:32 - Ux12 - Ошибка описания модуля "object.manager"
2015-07-24 10:51:32 - Ux12 - Ошибка описания модуля "parser"
2015-07-24 10:54:08 - Ux12 - Ошибка описания модуля "object.manager"
2015-07-24 10:54:08 - Ux12 - Ошибка описания модуля "parser"
2015-07-24 10:54:40 - Ux12 - Ошибка описания модуля "object.manager"
2015-07-24 10:54:40 - Ux12 - Ошибка описания модуля "parser"
2015-07-24 10:55:02 - Ux12 - Ошибка описания модуля "object.manager"
2015-07-24 10:55:02 - Ux12 - Ошибка описания модуля "parser"
2015-07-24 10:55:09 - Ux12 - Ошибка описания модуля "object.manager"
2015-07-24 10:55:09 - Ux12 - Ошибка описания модуля "parser"
2015-07-24 10:56:12 - Ux12 - Ошибка описания модуля "object.manager"
2015-07-24 10:56:12 - Ux12 - Ошибка описания модуля "parser"
2015-07-24 10:56:16 - Ux12 - Ошибка описания модуля "object.manager"
2015-07-24 10:56:16 - Ux12 - Ошибка описания модуля "parser"
2015-07-24 10:56:28 - Ux12 - Ошибка описания модуля "object.manager"
2015-07-24 10:56:28 - Ux12 - Ошибка описания модуля "parser"
2015-09-22 14:06:08 - Ux12 - Ошибка описания модуля "parser"
2015-09-22 14:06:08 - Ux12 - Ошибка описания модуля "object.manager"
2015-09-22 14:06:45 - Ux12 - Ошибка описания модуля "parser"
2015-09-22 14:06:45 - Ux12 - Ошибка описания модуля "object.manager"
2015-09-22 14:07:32 - Ux12 - Ошибка описания модуля "parser"
2015-09-22 14:07:32 - Ux12 - Ошибка описания модуля "object.manager"
2015-09-22 14:07:32 -  - exec CUpdateClientPartner::GetUpdatesList
2015-09-22 14:07:32 -  - exec CUpdateClientPartner::__CollectRequestData
2015-09-22 14:07:32 - Ux12 - Ошибка описания модуля "parser"
2015-09-22 14:07:32 - Ux12 - Ошибка описания модуля "object.manager"
2015-09-22 14:07:32 -  - utf=Y&lang=ru&stable=Y&CANGZIP=Y&SUPD_DBS=MYSQL&XE=N&CLIENT_SITE=szvdom.ru&LICENSE_KEY=X&SUPD_STS=1&SUPD_URS=0&SUPD_URSA=5&TYPENC=E&CLIENT_PHPVER=5.3.3-7%2Bsqueeze19&dbv=5.1.63&instm=main%2C15.0.6%2CN%3Bcube.ufpropertyhtml%2C1.0.5%2CN%3Bmystery.thumbs%2C1.1.0%2CN%3Bfileman%2C15.0.1%2CN%3Biblock%2C15.0.4%2CN%3Bcompression%2C14.0.0%2CN%3Bbitrixcloud%2C15.0.0%2CN%3Bhighloadblock%2C15.0.2%2CN%3Bsearch%2C14.5.3%2CN%3Bperfmon%2C15.0.2%2CN%3Bclouds%2C15.0.0%2CN%3Bseo%2C15.0.0%2CN%3Bbitrix.sitecorporate%2C15.0.0%2CN%3Bsocialservices%2C14.5.8%2CN&reqm=cube.ufpropertyhtml%2Cmystery.thumbs%2Cbitrix.sitecorporate&SUPD_SRS=RU&SUPD_CMP=Y
2015-09-22 14:07:32 -  - exec CUpdateClientPartner::GetHTTPPage
2015-09-22 14:07:32 -  - TIME GetUpdatesList(request) 0.343 sec
2015-09-22 14:07:32 -  - exec CUpdateClientPartner::ParseServerData
2015-09-22 14:07:32 - Ux12 - Ошибка описания модуля "parser"
2015-09-22 14:07:32 - Ux12 - Ошибка описания модуля "object.manager"
2015-09-23 16:58:23 - Ux12 - Ошибка описания модуля "parser"
2015-09-23 16:58:23 - Ux12 - Ошибка описания модуля "object.manager"
2015-09-23 16:58:34 - Ux12 - Ошибка описания модуля "parser"
2015-09-23 16:58:34 - Ux12 - Ошибка описания модуля "object.manager"
2015-09-23 16:58:49 - Ux12 - Ошибка описания модуля "parser"
2015-09-23 16:58:49 - Ux12 - Ошибка описания модуля "object.manager"
2015-09-23 16:59:02 - Ux12 - Ошибка описания модуля "parser"
2015-09-23 16:59:02 - Ux12 - Ошибка описания модуля "object.manager"
2015-09-23 16:59:41 - Ux12 - Ошибка описания модуля "parser"
2015-09-23 16:59:41 - Ux12 - Ошибка описания модуля "object.manager"
2015-09-23 16:59:41 -  - exec CUpdateClientPartner::GetUpdatesList
2015-09-23 16:59:41 -  - exec CUpdateClientPartner::__CollectRequestData
2015-09-23 16:59:41 - Ux12 - Ошибка описания модуля "parser"
2015-09-23 16:59:41 - Ux12 - Ошибка описания модуля "object.manager"
2015-09-23 16:59:41 -  - utf=Y&lang=ru&stable=Y&CANGZIP=Y&SUPD_DBS=MYSQL&XE=N&CLIENT_SITE=szvdom.ru&LICENSE_KEY=X&SUPD_STS=1&SUPD_URS=0&SUPD_URSA=5&TYPENC=E&CLIENT_PHPVER=5.3.3-7%2Bsqueeze19&dbv=5.1.63&instm=main%2C15.0.6%2CN%3Bcube.ufpropertyhtml%2C1.0.5%2CN%3Bmystery.thumbs%2C1.1.0%2CN%3Bfileman%2C15.0.1%2CN%3Biblock%2C15.0.4%2CN%3Bcompression%2C14.0.0%2CN%3Bbitrixcloud%2C15.0.0%2CN%3Bhighloadblock%2C15.0.2%2CN%3Bsearch%2C14.5.3%2CN%3Bperfmon%2C15.0.2%2CN%3Bclouds%2C15.0.0%2CN%3Bseo%2C15.0.0%2CN%3Bbitrix.sitecorporate%2C15.0.0%2CN%3Bsocialservices%2C14.5.8%2CN&reqm=cube.ufpropertyhtml%2Cmystery.thumbs%2Cbitrix.sitecorporate%2Cepir.oldbrowser&SUPD_SRS=RU&SUPD_CMP=Y
2015-09-23 16:59:41 -  - exec CUpdateClientPartner::GetHTTPPage
2015-09-23 16:59:41 -  - TIME GetUpdatesList(request) 0.283 sec
2015-09-23 16:59:41 -  - exec CUpdateClientPartner::ParseServerData
2015-09-23 16:59:41 - Ux12 - Ошибка описания модуля "parser"
2015-09-23 16:59:41 - Ux12 - Ошибка описания модуля "object.manager"
2015-09-23 16:59:51 -  - exec CUpdateClientPartner::LoadModulesUpdates
2015-09-23 16:59:51 -  - exec CUpdateClientPartner::__CollectRequestData
2015-09-23 16:59:51 - Ux12 - Ошибка описания модуля "parser"
2015-09-23 16:59:51 - Ux12 - Ошибка описания модуля "object.manager"
2015-09-23 16:59:51 -  - utf=Y&lang=ru&stable=Y&CANGZIP=Y&SUPD_DBS=MYSQL&XE=N&CLIENT_SITE=szvdom.ru&LICENSE_KEY=X&SUPD_STS=1&SUPD_URS=0&SUPD_URSA=5&TYPENC=E&CLIENT_PHPVER=5.3.3-7%2Bsqueeze19&dbv=5.1.63&instm=main%2C15.0.6%2CN%3Bcube.ufpropertyhtml%2C1.0.5%2CN%3Bmystery.thumbs%2C1.1.0%2CN%3Bfileman%2C15.0.1%2CN%3Biblock%2C15.0.4%2CN%3Bcompression%2C14.0.0%2CN%3Bbitrixcloud%2C15.0.0%2CN%3Bhighloadblock%2C15.0.2%2CN%3Bsearch%2C14.5.3%2CN%3Bperfmon%2C15.0.2%2CN%3Bclouds%2C15.0.0%2CN%3Bseo%2C15.0.0%2CN%3Bbitrix.sitecorporate%2C15.0.0%2CN%3Bsocialservices%2C14.5.8%2CN&reqm=epir.oldbrowser&lim=Y&SUPD_SRS=RU&SUPD_CMP=Y
2015-09-23 16:59:51 -  - exec CUpdateClientPartner::GetHTTPPage
2015-09-23 16:59:52 -  - TIME LoadModulesUpdates(request) 0.306 sec
2015-09-23 16:59:52 -  - exec CUpdateClientPartner::ParseServerData
2015-09-23 16:59:52 - LMU01 - LoadModulesUpdates-Step
2015-09-23 16:59:52 -  - exec CUpdateClientPartner::LoadModulesUpdates
2015-09-23 16:59:52 -  - exec CUpdateClientPartner::__CollectRequestData
2015-09-23 16:59:52 - Ux12 - Ошибка описания модуля "parser"
2015-09-23 16:59:52 - Ux12 - Ошибка описания модуля "object.manager"
2015-09-23 16:59:52 -  - exec CUpdateClientPartner::ParseServerData
2015-09-23 16:59:52 - DOWNLOAD - Time - 0.38532614707947 sec
2015-09-23 16:59:52 -  - exec CUpdateClientPartner::UnGzipArchive
2015-09-23 16:59:52 -  - TIME UnGzipArchive 0.007 sec
2015-09-23 16:59:52 -  - TIME UpdateStepModules 0.008 sec
2015-09-23 16:59:52 - UPD_SUCCESS - Updated: epir.oldbrowser
2015-09-23 16:59:52 -  - exec CUpdateClientPartner::LoadModulesUpdates
2015-09-23 16:59:52 -  - exec CUpdateClientPartner::__CollectRequestData
2015-09-23 16:59:52 - Ux12 - Ошибка описания модуля "parser"
2015-09-23 16:59:52 - Ux12 - Ошибка описания модуля "object.manager"
2015-09-23 16:59:52 -  - utf=Y&lang=ru&stable=Y&CANGZIP=Y&SUPD_DBS=MYSQL&XE=N&CLIENT_SITE=szvdom.ru&LICENSE_KEY=X&SUPD_STS=1&SUPD_URS=0&SUPD_URSA=5&TYPENC=E&CLIENT_PHPVER=5.3.3-7%2Bsqueeze19&dbv=5.1.63&instm=main%2C15.0.6%2CN%3Bepir.oldbrowser%2C1.0.0%2CN%3Bcube.ufpropertyhtml%2C1.0.5%2CN%3Bmystery.thumbs%2C1.1.0%2CN%3Bfileman%2C15.0.1%2CN%3Biblock%2C15.0.4%2CN%3Bcompression%2C14.0.0%2CN%3Bbitrixcloud%2C15.0.0%2CN%3Bhighloadblock%2C15.0.2%2CN%3Bsearch%2C14.5.3%2CN%3Bperfmon%2C15.0.2%2CN%3Bclouds%2C15.0.0%2CN%3Bseo%2C15.0.0%2CN%3Bbitrix.sitecorporate%2C15.0.0%2CN%3Bsocialservices%2C14.5.8%2CN&reqm=epir.oldbrowser&lim=Y&SUPD_SRS=RU&SUPD_CMP=Y
2015-09-23 16:59:52 -  - exec CUpdateClientPartner::GetHTTPPage
2015-09-23 16:59:53 -  - TIME LoadModulesUpdates(request) 0.41 sec
2015-09-23 16:59:53 -  - exec CUpdateClientPartner::ParseServerData
2015-09-23 16:59:53 - LMU01 - LoadModulesUpdates-Step
2015-09-23 16:59:53 -  - exec CUpdateClientPartner::LoadModulesUpdates
2015-09-23 16:59:53 -  - exec CUpdateClientPartner::__CollectRequestData
2015-09-23 16:59:53 - Ux12 - Ошибка описания модуля "parser"
2015-09-23 16:59:53 - Ux12 - Ошибка описания модуля "object.manager"
2015-09-23 16:59:53 -  - exec CUpdateClientPartner::ParseServerData
2015-09-23 16:59:53 - DOWNLOAD - Time - 0.36226511001587 sec
2015-09-23 16:59:53 -  - exec CUpdateClientPartner::UnGzipArchive
2015-09-23 16:59:53 -  - TIME UnGzipArchive 0.007 sec
2015-09-23 16:59:53 -  - TIME UpdateStepModules 0.014 sec
2015-09-23 16:59:53 - UPD_SUCCESS - Updated: epir.oldbrowser (2.0.0)<br>Изменения: -Добавлена возможность выбора устаревших браузеров (Internet Explorer 7,Internet Explorer 8).
2015-09-23 16:59:53 -  - exec CUpdateClientPartner::LoadModulesUpdates
2015-09-23 16:59:53 -  - exec CUpdateClientPartner::__CollectRequestData
2015-09-23 16:59:53 - Ux12 - Ошибка описания модуля "parser"
2015-09-23 16:59:53 - Ux12 - Ошибка описания модуля "object.manager"
2015-09-23 16:59:53 -  - utf=Y&lang=ru&stable=Y&CANGZIP=Y&SUPD_DBS=MYSQL&XE=N&CLIENT_SITE=szvdom.ru&LICENSE_KEY=X&SUPD_STS=1&SUPD_URS=0&SUPD_URSA=5&TYPENC=E&CLIENT_PHPVER=5.3.3-7%2Bsqueeze19&dbv=5.1.63&instm=main%2C15.0.6%2CN%3Bepir.oldbrowser%2C2.0.0%2CN%3Bcube.ufpropertyhtml%2C1.0.5%2CN%3Bmystery.thumbs%2C1.1.0%2CN%3Bfileman%2C15.0.1%2CN%3Biblock%2C15.0.4%2CN%3Bcompression%2C14.0.0%2CN%3Bbitrixcloud%2C15.0.0%2CN%3Bhighloadblock%2C15.0.2%2CN%3Bsearch%2C14.5.3%2CN%3Bperfmon%2C15.0.2%2CN%3Bclouds%2C15.0.0%2CN%3Bseo%2C15.0.0%2CN%3Bbitrix.sitecorporate%2C15.0.0%2CN%3Bsocialservices%2C14.5.8%2CN&reqm=epir.oldbrowser&lim=Y&SUPD_SRS=RU&SUPD_CMP=Y
2015-09-23 16:59:53 -  - exec CUpdateClientPartner::GetHTTPPage
2015-09-23 16:59:54 -  - TIME LoadModulesUpdates(request) 0.356 sec
2015-09-23 16:59:54 -  - exec CUpdateClientPartner::ParseServerData
2015-09-23 16:59:54 - LMU01 - LoadModulesUpdates-Step
2015-09-23 16:59:54 -  - exec CUpdateClientPartner::LoadModulesUpdates
2015-09-23 16:59:54 -  - exec CUpdateClientPartner::__CollectRequestData
2015-09-23 16:59:54 - Ux12 - Ошибка описания модуля "parser"
2015-09-23 16:59:54 - Ux12 - Ошибка описания модуля "object.manager"
2015-09-23 16:59:54 -  - exec CUpdateClientPartner::ParseServerData
2015-09-23 16:59:54 - DOWNLOAD - Time - 0.4622950553894 sec
2015-09-23 16:59:54 -  - exec CUpdateClientPartner::UnGzipArchive
2015-09-23 16:59:54 -  - TIME UnGzipArchive 0.012 sec
2015-09-23 16:59:54 -  - TIME UpdateStepModules 0.012 sec
2015-09-23 16:59:54 - UPD_SUCCESS - Updated: epir.oldbrowser (2.0.2)<br>Изменения: -Исправлена ошибка(после установки необходимо было применить/сохранить параметры модуля) -Исправлена ошибка действия кнопки \"По умолчанию\" в настройках модуля
2015-09-23 16:59:54 -  - exec CUpdateClientPartner::LoadModulesUpdates
2015-09-23 16:59:54 -  - exec CUpdateClientPartner::__CollectRequestData
2015-09-23 16:59:54 - Ux12 - Ошибка описания модуля "parser"
2015-09-23 16:59:54 - Ux12 - Ошибка описания модуля "object.manager"
2015-09-23 16:59:54 -  - utf=Y&lang=ru&stable=Y&CANGZIP=Y&SUPD_DBS=MYSQL&XE=N&CLIENT_SITE=szvdom.ru&LICENSE_KEY=X&SUPD_STS=1&SUPD_URS=0&SUPD_URSA=5&TYPENC=E&CLIENT_PHPVER=5.3.3-7%2Bsqueeze19&dbv=5.1.63&instm=main%2C15.0.6%2CN%3Bepir.oldbrowser%2C2.0.2%2CN%3Bcube.ufpropertyhtml%2C1.0.5%2CN%3Bmystery.thumbs%2C1.1.0%2CN%3Bfileman%2C15.0.1%2CN%3Biblock%2C15.0.4%2CN%3Bcompression%2C14.0.0%2CN%3Bbitrixcloud%2C15.0.0%2CN%3Bhighloadblock%2C15.0.2%2CN%3Bsearch%2C14.5.3%2CN%3Bperfmon%2C15.0.2%2CN%3Bclouds%2C15.0.0%2CN%3Bseo%2C15.0.0%2CN%3Bbitrix.sitecorporate%2C15.0.0%2CN%3Bsocialservices%2C14.5.8%2CN&reqm=epir.oldbrowser&lim=Y&SUPD_SRS=RU&SUPD_CMP=Y
2015-09-23 16:59:54 -  - exec CUpdateClientPartner::GetHTTPPage
2015-09-23 16:59:55 -  - TIME LoadModulesUpdates(request) 0.54 sec
2015-09-23 16:59:55 -  - exec CUpdateClientPartner::ParseServerData
2015-09-23 16:59:55 - STEP - Finish - NOUPDATES
2015-09-23 16:59:55 - STEP - Finish - NOUPDATES
2015-09-23 16:59:58 - Ux12 - Ошибка описания модуля "parser"
2015-09-23 16:59:58 - Ux12 - Ошибка описания модуля "object.manager"
2015-09-23 16:59:58 -  - exec CUpdateClientPartner::GetUpdatesList
2015-09-23 16:59:58 -  - exec CUpdateClientPartner::__CollectRequestData
2015-09-23 16:59:58 - Ux12 - Ошибка описания модуля "parser"
2015-09-23 16:59:58 - Ux12 - Ошибка описания модуля "object.manager"
2015-09-23 16:59:58 -  - utf=Y&lang=ru&stable=Y&CANGZIP=Y&SUPD_DBS=MYSQL&XE=N&CLIENT_SITE=szvdom.ru&LICENSE_KEY=X&SUPD_STS=1&SUPD_URS=0&SUPD_URSA=5&TYPENC=E&CLIENT_PHPVER=5.3.3-7%2Bsqueeze19&dbv=5.1.63&instm=main%2C15.0.6%2CN%3Bepir.oldbrowser%2C2.0.2%2CN%3Bcube.ufpropertyhtml%2C1.0.5%2CN%3Bmystery.thumbs%2C1.1.0%2CN%3Bfileman%2C15.0.1%2CN%3Biblock%2C15.0.4%2CN%3Bcompression%2C14.0.0%2CN%3Bbitrixcloud%2C15.0.0%2CN%3Bhighloadblock%2C15.0.2%2CN%3Bsearch%2C14.5.3%2CN%3Bperfmon%2C15.0.2%2CN%3Bclouds%2C15.0.0%2CN%3Bseo%2C15.0.0%2CN%3Bbitrix.sitecorporate%2C15.0.0%2CN%3Bsocialservices%2C14.5.8%2CN&reqm=epir.oldbrowser%2Ccube.ufpropertyhtml%2Cmystery.thumbs%2Cbitrix.sitecorporate&fullmoduleinfo=Y&SUPD_SRS=RU&SUPD_CMP=Y
2015-09-23 16:59:58 -  - exec CUpdateClientPartner::GetHTTPPage
2015-09-23 16:59:58 -  - TIME GetUpdatesList(request) 0.342 sec
2015-09-23 16:59:58 -  - exec CUpdateClientPartner::ParseServerData
2015-09-23 16:59:58 - Ux12 - Ошибка описания модуля "parser"
2015-09-23 16:59:58 - Ux12 - Ошибка описания модуля "object.manager"
2015-09-23 17:00:06 - Ux12 - Ошибка описания модуля "parser"
2015-09-23 17:00:06 - Ux12 - Ошибка описания модуля "object.manager"
2015-09-23 17:00:06 -  - exec CUpdateClientPartner::GetUpdatesList
2015-09-23 17:00:06 -  - exec CUpdateClientPartner::__CollectRequestData
2015-09-23 17:00:06 - Ux12 - Ошибка описания модуля "parser"
2015-09-23 17:00:06 - Ux12 - Ошибка описания модуля "object.manager"
2015-09-23 17:00:06 -  - utf=Y&lang=ru&stable=Y&CANGZIP=Y&SUPD_DBS=MYSQL&XE=N&CLIENT_SITE=szvdom.ru&LICENSE_KEY=X&SUPD_STS=1&SUPD_URS=0&SUPD_URSA=5&TYPENC=E&CLIENT_PHPVER=5.3.3-7%2Bsqueeze19&dbv=5.1.63&instm=main%2C15.0.6%2CN%3Bepir.oldbrowser%2C2.0.2%2CN%3Bcube.ufpropertyhtml%2C1.0.5%2CN%3Bmystery.thumbs%2C1.1.0%2CN%3Bfileman%2C15.0.1%2CN%3Biblock%2C15.0.4%2CN%3Bcompression%2C14.0.0%2CN%3Bbitrixcloud%2C15.0.0%2CN%3Bhighloadblock%2C15.0.2%2CN%3Bsearch%2C14.5.3%2CN%3Bperfmon%2C15.0.2%2CN%3Bclouds%2C15.0.0%2CN%3Bseo%2C15.0.0%2CN%3Bbitrix.sitecorporate%2C15.0.0%2CN%3Bsocialservices%2C14.5.8%2CN&reqm=epir.oldbrowser%2Ccube.ufpropertyhtml%2Cmystery.thumbs%2Cbitrix.sitecorporate&fullmoduleinfo=Y&SUPD_SRS=RU&SUPD_CMP=Y
2015-09-23 17:00:06 -  - exec CUpdateClientPartner::GetHTTPPage
2015-09-23 17:00:12 -  - TIME GetUpdatesList(request) 5.771 sec
2015-09-23 17:00:12 -  - exec CUpdateClientPartner::ParseServerData
2015-09-23 17:00:12 - Ux12 - Ошибка описания модуля "parser"
2015-09-23 17:00:12 - Ux12 - Ошибка описания модуля "object.manager"
2015-09-23 17:00:16 - Ux12 - Ошибка описания модуля "parser"
2015-09-23 17:00:16 - Ux12 - Ошибка описания модуля "object.manager"
2015-09-23 17:00:16 -  - exec CUpdateClientPartner::GetUpdatesList
2015-09-23 17:00:16 -  - exec CUpdateClientPartner::__CollectRequestData
2015-09-23 17:00:16 - Ux12 - Ошибка описания модуля "parser"
2015-09-23 17:00:16 - Ux12 - Ошибка описания модуля "object.manager"
2015-09-23 17:00:16 -  - utf=Y&lang=ru&stable=Y&CANGZIP=Y&SUPD_DBS=MYSQL&XE=N&CLIENT_SITE=szvdom.ru&LICENSE_KEY=X&SUPD_STS=1&SUPD_URS=0&SUPD_URSA=5&TYPENC=E&CLIENT_PHPVER=5.3.3-7%2Bsqueeze19&dbv=5.1.63&instm=main%2C15.0.6%2CN%3Bepir.oldbrowser%2C2.0.2%2CN%3Bcube.ufpropertyhtml%2C1.0.5%2CN%3Bmystery.thumbs%2C1.1.0%2CN%3Bfileman%2C15.0.1%2CN%3Biblock%2C15.0.4%2CN%3Bcompression%2C14.0.0%2CN%3Bbitrixcloud%2C15.0.0%2CN%3Bhighloadblock%2C15.0.2%2CN%3Bsearch%2C14.5.3%2CN%3Bperfmon%2C15.0.2%2CN%3Bclouds%2C15.0.0%2CN%3Bseo%2C15.0.0%2CN%3Bbitrix.sitecorporate%2C15.0.0%2CN%3Bsocialservices%2C14.5.8%2CN&reqm=epir.oldbrowser%2Ccube.ufpropertyhtml%2Cmystery.thumbs%2Cbitrix.sitecorporate&fullmoduleinfo=Y&SUPD_SRS=RU&SUPD_CMP=Y
2015-09-23 17:00:16 -  - exec CUpdateClientPartner::GetHTTPPage
2015-09-23 17:00:16 -  - TIME GetUpdatesList(request) 0.587 sec
2015-09-23 17:00:16 -  - exec CUpdateClientPartner::ParseServerData
2015-09-23 17:00:16 - Ux12 - Ошибка описания модуля "parser"
2015-09-23 17:00:16 - Ux12 - Ошибка описания модуля "object.manager"
2015-09-23 17:01:43 - Ux12 - Ошибка описания модуля "parser"
2015-09-23 17:01:43 - Ux12 - Ошибка описания модуля "object.manager"
2015-09-23 17:01:43 -  - exec CUpdateClientPartner::GetUpdatesList
2015-09-23 17:01:43 -  - exec CUpdateClientPartner::__CollectRequestData
2015-09-23 17:01:43 - Ux12 - Ошибка описания модуля "parser"
2015-09-23 17:01:43 - Ux12 - Ошибка описания модуля "object.manager"
2015-09-23 17:01:43 -  - utf=Y&lang=ru&stable=Y&CANGZIP=Y&SUPD_DBS=MYSQL&XE=N&CLIENT_SITE=szvdom.ru&LICENSE_KEY=X&SUPD_STS=1&SUPD_URS=0&SUPD_URSA=5&TYPENC=E&CLIENT_PHPVER=5.3.3-7%2Bsqueeze19&dbv=5.1.63&instm=main%2C15.0.6%2CN%3Bepir.oldbrowser%2C2.0.2%2CN%3Bcube.ufpropertyhtml%2C1.0.5%2CN%3Bmystery.thumbs%2C1.1.0%2CN%3Bfileman%2C15.0.1%2CN%3Biblock%2C15.0.4%2CN%3Bcompression%2C14.0.0%2CN%3Bbitrixcloud%2C15.0.0%2CN%3Bhighloadblock%2C15.0.2%2CN%3Bsearch%2C14.5.3%2CN%3Bperfmon%2C15.0.2%2CN%3Bclouds%2C15.0.0%2CN%3Bseo%2C15.0.0%2CN%3Bbitrix.sitecorporate%2C15.0.0%2CN%3Bsocialservices%2C14.5.8%2CN&reqm=epir.oldbrowser%2Ccube.ufpropertyhtml%2Cmystery.thumbs%2Cbitrix.sitecorporate&fullmoduleinfo=Y&SUPD_SRS=RU&SUPD_CMP=Y
2015-09-23 17:01:43 -  - exec CUpdateClientPartner::GetHTTPPage
2015-09-23 17:01:43 -  - TIME GetUpdatesList(request) 0.463 sec
2015-09-23 17:01:43 -  - exec CUpdateClientPartner::ParseServerData
2015-09-23 17:01:43 - Ux12 - Ошибка описания модуля "parser"
2015-09-23 17:01:43 - Ux12 - Ошибка описания модуля "object.manager"
2015-09-23 17:01:46 - Ux12 - Ошибка описания модуля "parser"
2015-09-23 17:01:46 - Ux12 - Ошибка описания модуля "object.manager"
2015-09-23 17:01:46 -  - exec CUpdateClientPartner::GetUpdatesList
2015-09-23 17:01:46 -  - exec CUpdateClientPartner::__CollectRequestData
2015-09-23 17:01:46 - Ux12 - Ошибка описания модуля "parser"
2015-09-23 17:01:46 - Ux12 - Ошибка описания модуля "object.manager"
2015-09-23 17:01:46 -  - utf=Y&lang=ru&stable=Y&CANGZIP=Y&SUPD_DBS=MYSQL&XE=N&CLIENT_SITE=szvdom.ru&LICENSE_KEY=X&SUPD_STS=1&SUPD_URS=0&SUPD_URSA=5&TYPENC=E&CLIENT_PHPVER=5.3.3-7%2Bsqueeze19&dbv=5.1.63&instm=main%2C15.0.6%2CN%3Bepir.oldbrowser%2C2.0.2%2CN%3Bcube.ufpropertyhtml%2C1.0.5%2CN%3Bmystery.thumbs%2C1.1.0%2CN%3Bfileman%2C15.0.1%2CN%3Biblock%2C15.0.4%2CN%3Bcompression%2C14.0.0%2CN%3Bbitrixcloud%2C15.0.0%2CN%3Bhighloadblock%2C15.0.2%2CN%3Bsearch%2C14.5.3%2CN%3Bperfmon%2C15.0.2%2CN%3Bclouds%2C15.0.0%2CN%3Bseo%2C15.0.0%2CN%3Bbitrix.sitecorporate%2C15.0.0%2CN%3Bsocialservices%2C14.5.8%2CN&reqm=epir.oldbrowser%2Ccube.ufpropertyhtml%2Cmystery.thumbs%2Cbitrix.sitecorporate&fullmoduleinfo=Y&SUPD_SRS=RU&SUPD_CMP=Y
2015-09-23 17:01:46 -  - exec CUpdateClientPartner::GetHTTPPage
2015-09-23 17:01:47 -  - TIME GetUpdatesList(request) 0.412 sec
2015-09-23 17:01:47 -  - exec CUpdateClientPartner::ParseServerData
2015-09-23 17:01:47 - Ux12 - Ошибка описания модуля "parser"
2015-09-23 17:01:47 - Ux12 - Ошибка описания модуля "object.manager"
2015-09-23 17:01:47 - Ux12 - Ошибка описания модуля "parser"
2015-09-23 17:01:47 - Ux12 - Ошибка описания модуля "object.manager"
2015-09-23 17:01:47 -  - exec CUpdateClientPartner::GetUpdatesList
2015-09-23 17:01:47 -  - exec CUpdateClientPartner::__CollectRequestData
2015-09-23 17:01:47 - Ux12 - Ошибка описания модуля "parser"
2015-09-23 17:01:47 - Ux12 - Ошибка описания модуля "object.manager"
2015-09-23 17:01:47 -  - utf=Y&lang=ru&stable=Y&CANGZIP=Y&SUPD_DBS=MYSQL&XE=N&CLIENT_SITE=szvdom.ru&LICENSE_KEY=X&SUPD_STS=1&SUPD_URS=0&SUPD_URSA=5&TYPENC=E&CLIENT_PHPVER=5.3.3-7%2Bsqueeze19&dbv=5.1.63&instm=main%2C15.0.6%2CN%3Bepir.oldbrowser%2C2.0.2%2CN%3Bcube.ufpropertyhtml%2C1.0.5%2CN%3Bmystery.thumbs%2C1.1.0%2CN%3Bfileman%2C15.0.1%2CN%3Biblock%2C15.0.4%2CN%3Bcompression%2C14.0.0%2CN%3Bbitrixcloud%2C15.0.0%2CN%3Bhighloadblock%2C15.0.2%2CN%3Bsearch%2C14.5.3%2CN%3Bperfmon%2C15.0.2%2CN%3Bclouds%2C15.0.0%2CN%3Bseo%2C15.0.0%2CN%3Bbitrix.sitecorporate%2C15.0.0%2CN%3Bsocialservices%2C14.5.8%2CN&reqm=epir.oldbrowser%2Ccube.ufpropertyhtml%2Cmystery.thumbs%2Cbitrix.sitecorporate&fullmoduleinfo=Y&SUPD_SRS=RU&SUPD_CMP=Y
2015-09-23 17:01:47 -  - exec CUpdateClientPartner::GetHTTPPage
2015-09-23 17:01:47 -  - TIME GetUpdatesList(request) 0.323 sec
2015-09-23 17:01:47 -  - exec CUpdateClientPartner::ParseServerData
2015-09-23 17:01:47 - Ux12 - Ошибка описания модуля "parser"
2015-09-23 17:01:47 - Ux12 - Ошибка описания модуля "object.manager"
2015-09-23 17:01:55 - Ux12 - Ошибка описания модуля "parser"
2015-09-23 17:01:55 - Ux12 - Ошибка описания модуля "object.manager"
2015-09-23 17:01:55 -  - exec CUpdateClientPartner::GetUpdatesList
2015-09-23 17:01:55 -  - exec CUpdateClientPartner::__CollectRequestData
2015-09-23 17:01:55 - Ux12 - Ошибка описания модуля "parser"
2015-09-23 17:01:55 - Ux12 - Ошибка описания модуля "object.manager"
2015-09-23 17:01:55 -  - utf=Y&lang=ru&stable=Y&CANGZIP=Y&SUPD_DBS=MYSQL&XE=N&CLIENT_SITE=szvdom.ru&LICENSE_KEY=X&SUPD_STS=1&SUPD_URS=0&SUPD_URSA=5&TYPENC=E&CLIENT_PHPVER=5.3.3-7%2Bsqueeze19&dbv=5.1.63&instm=main%2C15.0.6%2CN%3Bepir.oldbrowser%2C2.0.2%2CN%3Bcube.ufpropertyhtml%2C1.0.5%2CN%3Bmystery.thumbs%2C1.1.0%2CN%3Bfileman%2C15.0.1%2CN%3Biblock%2C15.0.4%2CN%3Bcompression%2C14.0.0%2CN%3Bbitrixcloud%2C15.0.0%2CN%3Bhighloadblock%2C15.0.2%2CN%3Bsearch%2C14.5.3%2CN%3Bperfmon%2C15.0.2%2CN%3Bclouds%2C15.0.0%2CN%3Bseo%2C15.0.0%2CN%3Bbitrix.sitecorporate%2C15.0.0%2CN%3Bsocialservices%2C14.5.8%2CN&reqm=epir.oldbrowser%2Ccube.ufpropertyhtml%2Cmystery.thumbs%2Cbitrix.sitecorporate&fullmoduleinfo=Y&SUPD_SRS=RU&SUPD_CMP=Y
2015-09-23 17:01:55 -  - exec CUpdateClientPartner::GetHTTPPage
2015-09-23 17:01:55 -  - TIME GetUpdatesList(request) 0.294 sec
2015-09-23 17:01:55 -  - exec CUpdateClientPartner::ParseServerData
2015-09-23 17:01:55 - Ux12 - Ошибка описания модуля "parser"
2015-09-23 17:01:55 - Ux12 - Ошибка описания модуля "object.manager"
2015-09-28 15:35:59 - Ux12 - Ошибка описания модуля "parser"
2015-09-28 15:35:59 - Ux12 - Ошибка описания модуля "object.manager"
2015-09-28 15:35:59 -  - exec CUpdateClientPartner::GetUpdatesList
2015-09-28 15:35:59 -  - exec CUpdateClientPartner::__CollectRequestData
2015-09-28 15:35:59 - Ux12 - Ошибка описания модуля "parser"
2015-09-28 15:35:59 - Ux12 - Ошибка описания модуля "object.manager"
2015-09-28 15:35:59 -  - utf=Y&lang=ru&stable=Y&CANGZIP=Y&SUPD_DBS=MYSQL&XE=N&CLIENT_SITE=szvdom.ru&LICENSE_KEY=X&SUPD_STS=1&SUPD_URS=0&SUPD_URSA=5&TYPENC=E&CLIENT_PHPVER=5.3.3-7%2Bsqueeze19&dbv=5.1.63&instm=main%2C15.0.6%2CN%3Bepir.oldbrowser%2C2.0.2%2CN%3Bcube.ufpropertyhtml%2C1.0.5%2CN%3Bmystery.thumbs%2C1.1.0%2CN%3Bfileman%2C15.0.1%2CN%3Biblock%2C15.0.4%2CN%3Bcompression%2C14.0.0%2CN%3Bbitrixcloud%2C15.0.0%2CN%3Bhighloadblock%2C15.0.2%2CN%3Bsearch%2C14.5.3%2CN%3Bperfmon%2C15.0.2%2CN%3Bclouds%2C15.0.0%2CN%3Bseo%2C15.0.0%2CN%3Bbitrix.sitecorporate%2C15.0.0%2CN%3Bsocialservices%2C14.5.8%2CN&reqm=epir.oldbrowser%2Ccube.ufpropertyhtml%2Cmystery.thumbs%2Cbitrix.sitecorporate&fullmoduleinfo=Y&SUPD_SRS=RU&SUPD_CMP=Y
2015-09-28 15:35:59 -  - exec CUpdateClientPartner::GetHTTPPage
2015-09-28 15:35:59 -  - TIME GetUpdatesList(request) 0.448 sec
2015-09-28 15:35:59 -  - exec CUpdateClientPartner::ParseServerData
2015-09-28 15:35:59 - Ux12 - Ошибка описания модуля "parser"
2015-09-28 15:35:59 - Ux12 - Ошибка описания модуля "object.manager"
2016-01-12 11:25:08 - Ux12 - Ошибка описания модуля "parser"
2016-01-12 11:25:08 - Ux12 - Ошибка описания модуля "object.manager"
2016-01-12 11:25:11 - Ux12 - Ошибка описания модуля "parser"
2016-01-12 11:25:11 - Ux12 - Ошибка описания модуля "object.manager"
2016-01-12 11:25:11 -  - exec CUpdateClientPartner::GetUpdatesList
2016-01-12 11:25:11 -  - exec CUpdateClientPartner::__CollectRequestData
2016-01-12 11:25:11 - Ux12 - Ошибка описания модуля "parser"
2016-01-12 11:25:11 - Ux12 - Ошибка описания модуля "object.manager"
2016-01-12 11:25:11 -  - utf=Y&lang=ru&stable=Y&CANGZIP=Y&SUPD_DBS=MYSQL&XE=N&CLIENT_SITE=szvdom.ru&LICENSE_KEY=X&SUPD_STS=1&SUPD_URS=0&SUPD_URSA=4&TYPENC=E&CLIENT_PHPVER=5.3.3-7%2Bsqueeze19&dbv=5.1.63&instm=main%2C15.0.6%2CN%3Bepir.oldbrowser%2C2.0.2%2CN%3Bcube.ufpropertyhtml%2C1.0.5%2CN%3Bmystery.thumbs%2C1.1.0%2CN%3Bfileman%2C15.0.1%2CN%3Biblock%2C15.0.4%2CN%3Bcompression%2C14.0.0%2CN%3Bbitrixcloud%2C15.0.0%2CN%3Bhighloadblock%2C15.0.2%2CN%3Bsearch%2C14.5.3%2CN%3Bperfmon%2C15.0.2%2CN%3Bclouds%2C15.0.0%2CN%3Bseo%2C15.0.0%2CN%3Bbitrix.sitecorporate%2C15.0.0%2CN%3Bsocialservices%2C14.5.8%2CN&reqm=epir.oldbrowser%2Ccube.ufpropertyhtml%2Cmystery.thumbs%2Cbitrix.sitecorporate&fullmoduleinfo=Y&SUPD_SRS=RU&SUPD_CMP=Y
2016-01-12 11:25:11 -  - exec CUpdateClientPartner::GetHTTPPage
2016-01-12 11:25:12 -  - TIME GetUpdatesList(request) 0.629 sec
2016-01-12 11:25:12 -  - exec CUpdateClientPartner::ParseServerData
2016-01-12 11:25:12 - Ux12 - Ошибка описания модуля "parser"
2016-01-12 11:25:12 - Ux12 - Ошибка описания модуля "object.manager"
2016-01-26 16:58:21 - Ux12 - Ошибка описания модуля "parser"
2016-01-26 16:58:21 - Ux12 - Ошибка описания модуля "object.manager"
2016-01-26 16:58:23 - Ux12 - Ошибка описания модуля "parser"
2016-01-26 16:58:23 - Ux12 - Ошибка описания модуля "object.manager"
2016-01-26 16:58:23 - Ux12 - Ошибка описания модуля "parser"
2016-01-26 16:58:23 - Ux12 - Ошибка описания модуля "object.manager"
2016-01-26 16:58:32 - Ux12 - Ошибка описания модуля "parser"
2016-01-26 16:58:32 - Ux12 - Ошибка описания модуля "object.manager"
2016-01-26 16:58:36 - Ux12 - Ошибка описания модуля "parser"
2016-01-26 16:58:36 - Ux12 - Ошибка описания модуля "object.manager"
2016-01-26 16:59:04 - Ux12 - Ошибка описания модуля "parser"
2016-01-26 16:59:04 - Ux12 - Ошибка описания модуля "object.manager"
2016-01-26 16:59:05 - Ux12 - Ошибка описания модуля "parser"
2016-01-26 16:59:05 - Ux12 - Ошибка описания модуля "object.manager"
2016-01-26 16:59:42 - Ux12 - Ошибка описания модуля "parser"
2016-01-26 16:59:42 - Ux12 - Ошибка описания модуля "object.manager"
2016-01-27 23:30:59 - Ux12 - Ошибка описания модуля "parser"
2016-01-27 23:30:59 - Ux12 - Ошибка описания модуля "object.manager"
2016-01-27 23:30:59 -  - exec CUpdateClientPartner::GetUpdatesList
2016-01-27 23:30:59 -  - exec CUpdateClientPartner::__CollectRequestData
2016-01-27 23:30:59 - Ux12 - Ошибка описания модуля "parser"
2016-01-27 23:30:59 - Ux12 - Ошибка описания модуля "object.manager"
2016-01-27 23:30:59 -  - utf=Y&lang=ru&stable=Y&CANGZIP=Y&SUPD_DBS=MYSQL&XE=N&CLIENT_SITE=szvdom.ru&LICENSE_KEY=X&SUPD_STS=1&SUPD_URS=0&SUPD_URSA=4&TYPENC=E&CLIENT_PHPVER=5.3.3-7%2Bsqueeze19&dbv=5.1.63&instm=main%2C15.0.6%2CN%3Bepir.oldbrowser%2C2.0.2%2CN%3Bcube.ufpropertyhtml%2C1.0.5%2CN%3Bmystery.thumbs%2C1.1.0%2CN%3Bfileman%2C15.0.1%2CN%3Biblock%2C15.0.4%2CN%3Bcompression%2C14.0.0%2CN%3Bbitrixcloud%2C15.0.0%2CN%3Bhighloadblock%2C15.0.2%2CN%3Bsearch%2C14.5.3%2CN%3Bperfmon%2C15.0.2%2CN%3Bclouds%2C15.0.0%2CN%3Bseo%2C15.0.0%2CN%3Bbitrix.sitecorporate%2C15.0.0%2CN%3Bsocialservices%2C14.5.8%2CN&reqm=epir.oldbrowser%2Ccube.ufpropertyhtml%2Cmystery.thumbs%2Cbitrix.sitecorporate&fullmoduleinfo=Y&SUPD_SRS=RU&SUPD_CMP=Y
2016-01-27 23:30:59 -  - exec CUpdateClientPartner::GetHTTPPage
2016-01-27 23:31:00 -  - TIME GetUpdatesList(request) 0.344 sec
2016-01-27 23:31:00 -  - exec CUpdateClientPartner::ParseServerData
2016-01-27 23:31:00 - Ux12 - Ошибка описания модуля "parser"
2016-01-27 23:31:00 - Ux12 - Ошибка описания модуля "object.manager"
2016-01-27 23:31:02 - Ux12 - Ошибка описания модуля "parser"
2016-01-27 23:31:02 - Ux12 - Ошибка описания модуля "object.manager"
2016-01-27 23:31:02 -  - exec CUpdateClientPartner::GetUpdatesList
2016-01-27 23:31:02 -  - exec CUpdateClientPartner::__CollectRequestData
2016-01-27 23:31:02 - Ux12 - Ошибка описания модуля "parser"
2016-01-27 23:31:02 - Ux12 - Ошибка описания модуля "object.manager"
2016-01-27 23:31:02 -  - utf=Y&lang=ru&stable=Y&CANGZIP=Y&SUPD_DBS=MYSQL&XE=N&CLIENT_SITE=szvdom.ru&LICENSE_KEY=X&SUPD_STS=1&SUPD_URS=0&SUPD_URSA=4&TYPENC=E&CLIENT_PHPVER=5.3.3-7%2Bsqueeze19&dbv=5.1.63&instm=main%2C15.0.6%2CN%3Bepir.oldbrowser%2C2.0.2%2CN%3Bcube.ufpropertyhtml%2C1.0.5%2CN%3Bmystery.thumbs%2C1.1.0%2CN%3Bfileman%2C15.0.1%2CN%3Biblock%2C15.0.4%2CN%3Bcompression%2C14.0.0%2CN%3Bbitrixcloud%2C15.0.0%2CN%3Bhighloadblock%2C15.0.2%2CN%3Bsearch%2C14.5.3%2CN%3Bperfmon%2C15.0.2%2CN%3Bclouds%2C15.0.0%2CN%3Bseo%2C15.0.0%2CN%3Bbitrix.sitecorporate%2C15.0.0%2CN%3Bsocialservices%2C14.5.8%2CN&reqm=epir.oldbrowser%2Ccube.ufpropertyhtml%2Cmystery.thumbs%2Cbitrix.sitecorporate&SUPD_SRS=RU&SUPD_CMP=Y
2016-01-27 23:31:02 -  - exec CUpdateClientPartner::GetHTTPPage
2016-01-27 23:31:02 -  - TIME GetUpdatesList(request) 0.333 sec
2016-01-27 23:31:02 -  - exec CUpdateClientPartner::ParseServerData
2016-01-27 23:31:02 - Ux12 - Ошибка описания модуля "parser"
2016-01-27 23:31:02 - Ux12 - Ошибка описания модуля "object.manager"
2016-02-05 18:29:55 - Ux12 - Ошибка описания модуля "parser"
2016-02-05 18:29:55 - Ux12 - Ошибка описания модуля "object.manager"
2016-02-05 18:30:07 - Ux12 - Ошибка описания модуля "parser"
2016-02-05 18:30:07 - Ux12 - Ошибка описания модуля "object.manager"
2016-02-05 18:30:38 - Ux12 - Ошибка описания модуля "parser"
2016-02-05 18:30:38 - Ux12 - Ошибка описания модуля "object.manager"
2016-02-05 18:30:38 -  - exec CUpdateClientPartner::GetUpdatesList
2016-02-05 18:30:38 -  - exec CUpdateClientPartner::__CollectRequestData
2016-02-05 18:30:38 - Ux12 - Ошибка описания модуля "parser"
2016-02-05 18:30:38 - Ux12 - Ошибка описания модуля "object.manager"
2016-02-05 18:30:38 -  - utf=Y&lang=ru&stable=Y&CANGZIP=Y&SUPD_DBS=MYSQL&XE=N&CLIENT_SITE=szvdom.ru&LICENSE_KEY=X&SUPD_STS=1&SUPD_URS=0&SUPD_URSA=5&TYPENC=E&CLIENT_PHPVER=5.3.3-7%2Bsqueeze19&dbv=5.1.63&instm=main%2C15.0.6%2CN%3Bepir.oldbrowser%2C2.0.2%2CN%3Bcube.ufpropertyhtml%2C1.0.5%2CN%3Bmystery.thumbs%2C1.1.0%2CN%3Bfileman%2C15.0.1%2CN%3Biblock%2C15.0.4%2CN%3Bcompression%2C14.0.0%2CN%3Bbitrixcloud%2C15.0.0%2CN%3Bhighloadblock%2C15.0.2%2CN%3Bsearch%2C14.5.3%2CN%3Bperfmon%2C15.0.2%2CN%3Bclouds%2C15.0.0%2CN%3Bseo%2C15.0.0%2CN%3Bbitrix.sitecorporate%2C15.0.0%2CN%3Bsocialservices%2C14.5.8%2CN&reqm=epir.oldbrowser%2Ccube.ufpropertyhtml%2Cmystery.thumbs%2Cbitrix.sitecorporate&SUPD_SRS=RU&SUPD_CMP=Y
2016-02-05 18:30:38 -  - exec CUpdateClientPartner::GetHTTPPage
2016-02-05 18:30:38 -  - TIME GetUpdatesList(request) 0.488 sec
2016-02-05 18:30:38 -  - exec CUpdateClientPartner::ParseServerData
2016-02-05 18:30:38 - Ux12 - Ошибка описания модуля "parser"
2016-02-05 18:30:38 - Ux12 - Ошибка описания модуля "object.manager"
2016-03-23 18:31:51 - Ux12 - Ошибка описания модуля "parser"
2016-03-23 18:31:51 - Ux12 - Ошибка описания модуля "object.manager"
2016-03-23 18:31:58 - Ux12 - Ошибка описания модуля "parser"
2016-03-23 18:31:58 - Ux12 - Ошибка описания модуля "object.manager"
2016-03-23 18:32:08 - Ux12 - Ошибка описания модуля "parser"
2016-03-23 18:32:08 - Ux12 - Ошибка описания модуля "object.manager"
2016-03-23 18:32:16 - Ux12 - Ошибка описания модуля "parser"
2016-03-23 18:32:16 - Ux12 - Ошибка описания модуля "object.manager"
2016-03-23 18:32:19 - Ux12 - Ошибка описания модуля "parser"
2016-03-23 18:32:19 - Ux12 - Ошибка описания модуля "object.manager"
2016-04-11 19:28:42 - Ux12 - Ошибка описания модуля "parser"
2016-04-11 19:28:42 - Ux12 - Ошибка описания модуля "object.manager"
2016-04-11 19:28:42 -  - exec CUpdateClientPartner::GetUpdatesList
2016-04-11 19:28:42 -  - exec CUpdateClientPartner::__CollectRequestData
2016-04-11 19:28:42 - Ux12 - Ошибка описания модуля "parser"
2016-04-11 19:28:42 - Ux12 - Ошибка описания модуля "object.manager"
2016-04-11 19:28:42 -  - utf=Y&lang=ru&stable=Y&CANGZIP=Y&SUPD_DBS=MYSQL&XE=N&CLIENT_SITE=szvdom.ru&LICENSE_KEY=X&SUPD_STS=2&SUPD_URS=0&SUPD_URSA=7&TYPENC=E&CLIENT_PHPVER=5.3.3-7%2Bsqueeze19&dbv=5.1.63&instm=main%2C15.0.6%2CN%3Bepir.oldbrowser%2C2.0.2%2CN%3Bcube.ufpropertyhtml%2C1.0.5%2CN%3Bmystery.thumbs%2C1.1.0%2CN%3Bfileman%2C15.0.1%2CN%3Biblock%2C15.0.4%2CN%3Bcompression%2C14.0.0%2CN%3Bbitrixcloud%2C15.0.0%2CN%3Bhighloadblock%2C15.0.2%2CN%3Bsearch%2C14.5.3%2CN%3Bperfmon%2C15.0.2%2CN%3Bclouds%2C15.0.0%2CN%3Bseo%2C15.0.0%2CN%3Bbitrix.sitecorporate%2C15.0.0%2CN%3Bsocialservices%2C14.5.8%2CN&reqm=epir.oldbrowser%2Ccube.ufpropertyhtml%2Cmystery.thumbs%2Cbitrix.sitecorporate&SUPD_SRS=RU&SUPD_CMP=Y
2016-04-11 19:28:42 -  - exec CUpdateClientPartner::GetHTTPPage
2016-04-11 19:28:43 -  - TIME GetUpdatesList(request) 0.308 sec
2016-04-11 19:28:43 -  - exec CUpdateClientPartner::ParseServerData
2016-04-11 19:28:43 - Ux12 - Ошибка описания модуля "parser"
2016-04-11 19:28:43 - Ux12 - Ошибка описания модуля "object.manager"
2016-04-11 19:28:45 - Ux12 - Ошибка описания модуля "parser"
2016-04-11 19:28:45 - Ux12 - Ошибка описания модуля "object.manager"
2016-04-11 19:28:45 -  - exec CUpdateClientPartner::GetUpdatesList
2016-04-11 19:28:45 -  - exec CUpdateClientPartner::__CollectRequestData
2016-04-11 19:28:45 - Ux12 - Ошибка описания модуля "parser"
2016-04-11 19:28:45 - Ux12 - Ошибка описания модуля "object.manager"
2016-04-11 19:28:45 -  - utf=Y&lang=ru&stable=Y&CANGZIP=Y&SUPD_DBS=MYSQL&XE=N&CLIENT_SITE=szvdom.ru&LICENSE_KEY=X&SUPD_STS=2&SUPD_URS=0&SUPD_URSA=7&TYPENC=E&CLIENT_PHPVER=5.3.3-7%2Bsqueeze19&dbv=5.1.63&instm=main%2C15.0.6%2CN%3Bepir.oldbrowser%2C2.0.2%2CN%3Bcube.ufpropertyhtml%2C1.0.5%2CN%3Bmystery.thumbs%2C1.1.0%2CN%3Bfileman%2C15.0.1%2CN%3Biblock%2C15.0.4%2CN%3Bcompression%2C14.0.0%2CN%3Bbitrixcloud%2C15.0.0%2CN%3Bhighloadblock%2C15.0.2%2CN%3Bsearch%2C14.5.3%2CN%3Bperfmon%2C15.0.2%2CN%3Bclouds%2C15.0.0%2CN%3Bseo%2C15.0.0%2CN%3Bbitrix.sitecorporate%2C15.0.0%2CN%3Bsocialservices%2C14.5.8%2CN&reqm=epir.oldbrowser%2Ccube.ufpropertyhtml%2Cmystery.thumbs%2Cbitrix.sitecorporate&fullmoduleinfo=Y&SUPD_SRS=RU&SUPD_CMP=Y
2016-04-11 19:28:45 -  - exec CUpdateClientPartner::GetHTTPPage
2016-04-11 19:28:46 -  - TIME GetUpdatesList(request) 0.395 sec
2016-04-11 19:28:46 -  - exec CUpdateClientPartner::ParseServerData
2016-04-11 19:28:46 - Ux12 - Ошибка описания модуля "parser"
2016-04-11 19:28:46 - Ux12 - Ошибка описания модуля "object.manager"
2016-04-11 19:29:30 - Ux12 - Ошибка описания модуля "parser"
2016-04-11 19:29:30 - Ux12 - Ошибка описания модуля "object.manager"
2016-04-11 19:29:30 -  - exec CUpdateClientPartner::GetUpdatesList
2016-04-11 19:29:30 -  - exec CUpdateClientPartner::__CollectRequestData
2016-04-11 19:29:30 - Ux12 - Ошибка описания модуля "parser"
2016-04-11 19:29:30 - Ux12 - Ошибка описания модуля "object.manager"
2016-04-11 19:29:30 -  - utf=Y&lang=ru&stable=Y&CANGZIP=Y&SUPD_DBS=MYSQL&XE=N&CLIENT_SITE=szvdom.ru&LICENSE_KEY=X&SUPD_STS=2&SUPD_URS=0&SUPD_URSA=7&TYPENC=E&CLIENT_PHPVER=5.3.3-7%2Bsqueeze19&dbv=5.1.63&instm=main%2C15.0.6%2CN%3Bepir.oldbrowser%2C2.0.2%2CN%3Bcube.ufpropertyhtml%2C1.0.5%2CN%3Bmystery.thumbs%2C1.1.0%2CN%3Bfileman%2C15.0.1%2CN%3Biblock%2C15.0.4%2CN%3Bcompression%2C14.0.0%2CN%3Bbitrixcloud%2C15.0.0%2CN%3Bhighloadblock%2C15.0.2%2CN%3Bsearch%2C14.5.3%2CN%3Bperfmon%2C15.0.2%2CN%3Bclouds%2C15.0.0%2CN%3Bseo%2C15.0.0%2CN%3Bbitrix.sitecorporate%2C15.0.0%2CN%3Bsocialservices%2C14.5.8%2CN&reqm=epir.oldbrowser%2Ccube.ufpropertyhtml%2Cmystery.thumbs%2Cbitrix.sitecorporate&fullmoduleinfo=Y&SUPD_SRS=RU&SUPD_CMP=Y
2016-04-11 19:29:30 -  - exec CUpdateClientPartner::GetHTTPPage
2016-04-11 19:29:31 -  - TIME GetUpdatesList(request) 0.351 sec
2016-04-11 19:29:31 -  - exec CUpdateClientPartner::ParseServerData
2016-04-11 19:29:31 - Ux12 - Ошибка описания модуля "parser"
2016-04-11 19:29:31 - Ux12 - Ошибка описания модуля "object.manager"
2016-06-06 15:00:20 - Ux12 - Ошибка описания модуля "parser"
2016-06-06 15:00:20 - Ux12 - Ошибка описания модуля "object.manager"
2016-06-06 15:00:20 -  - exec CUpdateClientPartner::GetUpdatesList
2016-06-06 15:00:20 -  - exec CUpdateClientPartner::__CollectRequestData
2016-06-06 15:00:20 - Ux12 - Ошибка описания модуля "parser"
2016-06-06 15:00:20 - Ux12 - Ошибка описания модуля "object.manager"
2016-06-06 15:00:20 -  - utf=Y&lang=ru&stable=Y&CANGZIP=Y&SUPD_DBS=MYSQL&XE=N&CLIENT_SITE=szvdom.ru&LICENSE_KEY=X&SUPD_STS=2&SUPD_URS=0&SUPD_URSA=7&TYPENC=E&CLIENT_PHPVER=5.3.3-7%2Bsqueeze19&dbv=5.1.63&instm=main%2C15.0.6%2CN%3Bepir.oldbrowser%2C2.0.2%2CN%3Bcube.ufpropertyhtml%2C1.0.5%2CN%3Bmystery.thumbs%2C1.1.0%2CN%3Bfileman%2C15.0.1%2CN%3Biblock%2C15.0.4%2CN%3Bcompression%2C14.0.0%2CN%3Bbitrixcloud%2C15.0.0%2CN%3Bhighloadblock%2C15.0.2%2CN%3Bsearch%2C14.5.3%2CN%3Bperfmon%2C15.0.2%2CN%3Bclouds%2C15.0.0%2CN%3Bseo%2C15.0.0%2CN%3Bbitrix.sitecorporate%2C15.0.0%2CN%3Bsocialservices%2C14.5.8%2CN&reqm=epir.oldbrowser%2Ccube.ufpropertyhtml%2Cmystery.thumbs%2Cbitrix.sitecorporate&fullmoduleinfo=Y&SUPD_SRS=RU&SUPD_CMP=Y
2016-06-06 15:00:20 -  - exec CUpdateClientPartner::GetHTTPPage
2016-06-06 15:00:21 -  - TIME GetUpdatesList(request) 0.541 sec
2016-06-06 15:00:21 -  - exec CUpdateClientPartner::ParseServerData
2016-06-06 15:00:21 - Ux12 - Ошибка описания модуля "parser"
2016-06-06 15:00:21 - Ux12 - Ошибка описания модуля "object.manager"
2016-07-01 15:37:31 - Ux12 - Ошибка описания модуля "object.manager"
2016-07-01 15:37:31 - Ux12 - Ошибка описания модуля "parser"
2016-07-01 15:37:31 -  - exec CUpdateClientPartner::GetUpdatesList
2016-07-01 15:37:31 -  - exec CUpdateClientPartner::__CollectRequestData
2016-07-01 15:37:31 - Ux12 - Ошибка описания модуля "object.manager"
2016-07-01 15:37:31 - Ux12 - Ошибка описания модуля "parser"
2016-07-01 15:37:31 -  - utf=Y&lang=ru&stable=Y&CANGZIP=Y&SUPD_DBS=MYSQL&XE=N&CLIENT_SITE=szvdom.ru&LICENSE_KEY=X&SUPD_STS=2&SUPD_URS=0&SUPD_URSA=7&TYPENC=E&CLIENT_PHPVER=5.6.20-0%2Bdeb8u1&NGINX=Y&dbv=5.6.30&instm=main%2C16.0.13%2CN%3Bepir.oldbrowser%2C2.0.2%2CN%3Bseo%2C16.0.3%2CN%3Btranslate%2C14.5.0%2CN%3Bsocialservices%2C16.5.3%2CN%3Bbitrixcloud%2C16.0.0%2CN%3Biblock%2C16.0.6%2CN%3Bclouds%2C16.0.1%2CN%3Bperfmon%2C16.0.0%2CN%3Bmystery.thumbs%2C1.1.0%2CN%3Bbitrix.sitecorporate%2C15.0.0%2CN%3Bscale%2C16.0.0%2CN%3Bcompression%2C16.0.0%2CN%3Bfileman%2C16.5.2%2CN%3Bcube.ufpropertyhtml%2C1.0.5%2CN%3Bsearch%2C16.0.0%2CN%3Bhighloadblock%2C16.0.2%2CN&reqm=epir.oldbrowser%2Cmystery.thumbs%2Cbitrix.sitecorporate%2Ccube.ufpropertyhtml&fullmoduleinfo=Y&SUPD_SRS=RU&SUPD_CMP=Y
2016-07-01 15:37:31 -  - exec CUpdateClientPartner::GetHTTPPage
2016-07-01 15:37:31 -  - TIME GetUpdatesList(request) 0.61 sec
2016-07-01 15:37:31 -  - exec CUpdateClientPartner::ParseServerData
2016-07-01 15:37:31 - Ux12 - Ошибка описания модуля "object.manager"
2016-07-01 15:37:31 - Ux12 - Ошибка описания модуля "parser"
2016-07-19 13:28:20 - Ux12 - Ошибка описания модуля "object.manager"
2016-07-19 13:28:20 - Ux12 - Ошибка описания модуля "parser"
2016-07-19 13:28:20 -  - exec CUpdateClientPartner::GetUpdatesList
2016-07-19 13:28:20 -  - exec CUpdateClientPartner::__CollectRequestData
2016-07-19 13:28:20 - Ux12 - Ошибка описания модуля "object.manager"
2016-07-19 13:28:20 - Ux12 - Ошибка описания модуля "parser"
2016-07-19 13:28:20 -  - utf=Y&lang=ru&stable=Y&CANGZIP=Y&SUPD_DBS=MYSQL&XE=N&CLIENT_SITE=szvdom.ru&LICENSE_KEY=X&SUPD_STS=2&SUPD_URS=0&SUPD_URSA=7&TYPENC=E&CLIENT_PHPVER=5.6.20-0%2Bdeb8u1&NGINX=Y&dbv=5.6.30&instm=main%2C16.0.13%2CN%3Bepir.oldbrowser%2C2.0.2%2CN%3Bseo%2C16.0.3%2CN%3Btranslate%2C14.5.0%2CN%3Bsocialservices%2C16.5.3%2CN%3Bbitrixcloud%2C16.0.0%2CN%3Biblock%2C16.0.6%2CN%3Bclouds%2C16.0.1%2CN%3Bperfmon%2C16.0.0%2CN%3Bmystery.thumbs%2C1.1.0%2CN%3Bbitrix.sitecorporate%2C15.0.0%2CN%3Bscale%2C16.0.0%2CN%3Bcompression%2C16.0.0%2CN%3Bfileman%2C16.5.2%2CN%3Bcube.ufpropertyhtml%2C1.0.5%2CN%3Bsearch%2C16.0.0%2CN%3Bhighloadblock%2C16.0.2%2CN&reqm=epir.oldbrowser%2Cmystery.thumbs%2Cbitrix.sitecorporate%2Ccube.ufpropertyhtml&fullmoduleinfo=Y&SUPD_SRS=RU&SUPD_CMP=Y
2016-07-19 13:28:20 -  - exec CUpdateClientPartner::GetHTTPPage
2016-07-19 13:28:21 -  - TIME GetUpdatesList(request) 0.313 sec
2016-07-19 13:28:21 -  - exec CUpdateClientPartner::ParseServerData
2016-07-19 13:28:21 - Ux12 - Ошибка описания модуля "object.manager"
2016-07-19 13:28:21 - Ux12 - Ошибка описания модуля "parser"
2016-07-19 13:29:03 - Ux12 - Ошибка описания модуля "object.manager"
2016-07-19 13:29:03 - Ux12 - Ошибка описания модуля "parser"
2016-07-19 13:30:08 - Ux12 - Ошибка описания модуля "object.manager"
2016-07-19 13:30:08 - Ux12 - Ошибка описания модуля "parser"
2016-07-19 13:30:43 - Ux12 - Ошибка описания модуля "object.manager"
2016-07-19 13:30:43 - Ux12 - Ошибка описания модуля "parser"
2016-07-19 13:33:18 - Ux12 - Ошибка описания модуля "object.manager"
2016-07-19 13:33:18 - Ux12 - Ошибка описания модуля "parser"
2016-07-19 13:36:43 - Ux12 - Ошибка описания модуля "object.manager"
2016-07-19 13:36:43 - Ux12 - Ошибка описания модуля "parser"
2016-07-19 13:36:43 -  - exec CUpdateClientPartner::GetUpdatesList
2016-07-19 13:36:43 -  - exec CUpdateClientPartner::__CollectRequestData
2016-07-19 13:36:43 - Ux12 - Ошибка описания модуля "object.manager"
2016-07-19 13:36:43 - Ux12 - Ошибка описания модуля "parser"
2016-07-19 13:36:43 -  - utf=Y&lang=ru&stable=Y&CANGZIP=Y&SUPD_DBS=MYSQL&XE=N&CLIENT_SITE=szvdom.ru&LICENSE_KEY=X&SUPD_STS=2&SUPD_URS=0&SUPD_URSA=7&TYPENC=E&CLIENT_PHPVER=5.6.20-0%2Bdeb8u1&NGINX=Y&dbv=5.6.30&instm=main%2C16.0.13%2CN%3Bepir.oldbrowser%2C2.0.2%2CN%3Bseo%2C16.0.3%2CN%3Btranslate%2C14.5.0%2CN%3Bsocialservices%2C16.5.3%2CN%3Bbitrixcloud%2C16.0.0%2CN%3Biblock%2C16.0.6%2CN%3Bclouds%2C16.0.1%2CN%3Bperfmon%2C16.0.0%2CN%3Bmystery.thumbs%2C1.1.0%2CN%3Bbitrix.sitecorporate%2C15.0.0%2CN%3Bscale%2C16.0.0%2CN%3Bcompression%2C16.0.0%2CN%3Bfileman%2C16.5.2%2CN%3Bcube.ufpropertyhtml%2C1.0.5%2CN%3Bsearch%2C16.0.0%2CN%3Bhighloadblock%2C16.0.2%2CN&reqm=epir.oldbrowser%2Cmystery.thumbs%2Cbitrix.sitecorporate%2Ccube.ufpropertyhtml%2Caltasib.geoip&SUPD_SRS=RU&SUPD_CMP=Y
2016-07-19 13:36:43 -  - exec CUpdateClientPartner::GetHTTPPage
2016-07-19 13:36:44 -  - TIME GetUpdatesList(request) 0.318 sec
2016-07-19 13:36:44 -  - exec CUpdateClientPartner::ParseServerData
2016-07-19 13:36:44 - Ux12 - Ошибка описания модуля "object.manager"
2016-07-19 13:36:44 - Ux12 - Ошибка описания модуля "parser"
2016-07-19 13:36:52 - Ux12 - Ошибка описания модуля "object.manager"
2016-07-19 13:36:52 - Ux12 - Ошибка описания модуля "parser"
2016-07-19 13:37:06 - Ux12 - Ошибка описания модуля "object.manager"
2016-07-19 13:37:06 - Ux12 - Ошибка описания модуля "parser"
2016-07-19 13:37:25 - Ux12 - Ошибка описания модуля "object.manager"
2016-07-19 13:37:25 - Ux12 - Ошибка описания модуля "parser"
2016-07-19 13:38:50 - Ux12 - Ошибка описания модуля "object.manager"
2016-07-19 13:38:50 - Ux12 - Ошибка описания модуля "parser"
2016-07-19 13:52:35 - Ux12 - Ошибка описания модуля "object.manager"
2016-07-19 13:52:35 - Ux12 - Ошибка описания модуля "parser"
2016-07-19 13:55:59 - Ux12 - Ошибка описания модуля "object.manager"
2016-07-19 13:55:59 - Ux12 - Ошибка описания модуля "parser"
2016-07-19 13:58:32 - Ux12 - Ошибка описания модуля "object.manager"
2016-07-19 13:58:32 - Ux12 - Ошибка описания модуля "parser"
2016-07-19 13:58:47 - Ux12 - Ошибка описания модуля "object.manager"
2016-07-19 13:58:47 - Ux12 - Ошибка описания модуля "parser"
2016-07-19 13:59:23 - Ux12 - Ошибка описания модуля "object.manager"
2016-07-19 13:59:23 - Ux12 - Ошибка описания модуля "parser"
2016-07-19 14:01:07 - Ux12 - Ошибка описания модуля "object.manager"
2016-07-19 14:01:07 - Ux12 - Ошибка описания модуля "parser"
2016-07-19 14:34:23 - Ux12 - Ошибка описания модуля "object.manager"
2016-07-19 14:34:23 - Ux12 - Ошибка описания модуля "parser"
2016-07-19 14:35:47 - Ux12 - Ошибка описания модуля "object.manager"
2016-07-19 14:35:47 - Ux12 - Ошибка описания модуля "parser"
2017-04-13 15:32:02 - Ux12 - Ошибка описания модуля "object.manager"
2017-04-13 15:32:02 - Ux12 - Ошибка описания модуля "parser"
2017-04-13 15:32:02 -  - exec CUpdateClientPartner::GetUpdatesList
2017-04-13 15:32:02 -  - exec CUpdateClientPartner::__CollectRequestData
2017-04-13 15:32:02 - Ux12 - Ошибка описания модуля "object.manager"
2017-04-13 15:32:02 - Ux12 - Ошибка описания модуля "parser"
2017-04-13 15:32:02 -  - utf=Y&lang=ru&stable=Y&CANGZIP=Y&SUPD_DBS=MYSQL&XE=N&CLIENT_SITE=szvdom.ru&LICENSE_KEY=X&SUPD_STS=2&SUPD_URS=0&SUPD_URSA=7&TYPENC=E&CLIENT_PHPVER=5.6.30-0%2Bdeb8u1&NGINX=Y&dbv=5.6.35&instm=main%2C16.5.8%2CN%3Bepir.oldbrowser%2C2.0.2%2CN%3Bseo%2C16.0.3%2CN%3Btranslate%2C14.5.0%2CN%3Bsocialservices%2C16.5.5%2CN%3Bbitrixcloud%2C16.0.1%2CN%3Biblock%2C16.5.6%2CN%3Bclouds%2C16.5.2%2CN%3Bperfmon%2C16.5.0%2CN%3Bmystery.thumbs%2C1.1.0%2CN%3Bbitrix.sitecorporate%2C15.0.0%2CN%3Bscale%2C16.5.0%2CN%3Bcompression%2C16.0.0%2CN%3Bfileman%2C16.5.5%2CN%3Bcube.ufpropertyhtml%2C1.0.5%2CN%3Bsearch%2C16.5.0%2CN%3Bhighloadblock%2C16.5.0%2CN&reqm=epir.oldbrowser%2Cmystery.thumbs%2Cbitrix.sitecorporate%2Ccube.ufpropertyhtml&fullmoduleinfo=Y&SUPD_SRS=RU&SUPD_CMP=Y
2017-04-13 15:32:02 -  - exec CUpdateClientPartner::GetHTTPPage
2017-04-13 15:32:03 -  - TIME GetUpdatesList(request) 0.693 sec
2017-04-13 15:32:03 -  - exec CUpdateClientPartner::ParseServerData
2017-04-13 15:32:03 - Ux12 - Ошибка описания модуля "object.manager"
2017-04-13 15:32:03 - Ux12 - Ошибка описания модуля "parser"
2017-04-13 19:07:10 - Ux12 - Ошибка описания модуля "object.manager"
2017-04-13 19:07:11 - Ux12 - Ошибка описания модуля "parser"
2017-04-13 19:12:52 - Ux12 - Ошибка описания модуля "object.manager"
2017-04-13 19:12:52 - Ux12 - Ошибка описания модуля "parser"
2017-04-13 19:13:33 - Ux12 - Ошибка описания модуля "object.manager"
2017-04-13 19:13:33 - Ux12 - Ошибка описания модуля "parser"
2017-04-13 19:13:39 - Ux12 - Ошибка описания модуля "object.manager"
2017-04-13 19:13:39 - Ux12 - Ошибка описания модуля "parser"
2017-05-26 16:13:17 - Ux12 - Ошибка описания модуля "object.manager"
2017-05-26 16:13:17 - Ux12 - Ошибка описания модуля "parser"
2017-05-26 16:13:17 -  - exec CUpdateClientPartner::GetUpdatesList
2017-05-26 16:13:17 -  - exec CUpdateClientPartner::__CollectRequestData
2017-05-26 16:13:17 - Ux12 - Ошибка описания модуля "object.manager"
2017-05-26 16:13:17 - Ux12 - Ошибка описания модуля "parser"
2017-05-26 16:13:17 -  - utf=Y&lang=ru&stable=Y&CANGZIP=Y&SUPD_DBS=MYSQL&XE=N&CLIENT_SITE=szvdom.ru&LICENSE_KEY=X&SUPD_STS=2&SUPD_URS=0&SUPD_URSA=7&TYPENC=E&CLIENT_PHPVER=5.6.30-0%2Bdeb8u1&NGINX=Y&dbv=5.6.35&instm=main%2C16.5.8%2CN%3Bepir.oldbrowser%2C2.0.2%2CN%3Bseo%2C16.0.3%2CN%3Btranslate%2C14.5.0%2CN%3Bsocialservices%2C16.5.5%2CN%3Bbitrixcloud%2C16.0.1%2CN%3Biblock%2C16.5.6%2CN%3Bclouds%2C16.5.2%2CN%3Bperfmon%2C16.5.0%2CN%3Bmystery.thumbs%2C1.1.0%2CN%3Bbitrix.sitecorporate%2C15.0.0%2CN%3Bscale%2C16.5.0%2CN%3Bcompression%2C16.0.0%2CN%3Bfileman%2C16.5.5%2CN%3Bcube.ufpropertyhtml%2C1.0.5%2CN%3Bsearch%2C16.5.0%2CN%3Bhighloadblock%2C16.5.0%2CN&reqm=epir.oldbrowser%2Cmystery.thumbs%2Cbitrix.sitecorporate%2Ccube.ufpropertyhtml&fullmoduleinfo=Y&SUPD_SRS=RU&SUPD_CMP=Y
2017-05-26 16:13:17 -  - exec CUpdateClientPartner::GetHTTPPage
2017-05-26 16:13:18 -  - TIME GetUpdatesList(request) 0.441 sec
2017-05-26 16:13:18 -  - exec CUpdateClientPartner::ParseServerData
2017-05-26 16:13:18 - Ux12 - Ошибка описания модуля "object.manager"
2017-05-26 16:13:18 - Ux12 - Ошибка описания модуля "parser"
