2017-Jan-30 11:33:33 Наличие необходимых модулей php (check_php_modules): Ok
Все необходимые модули установлены
2017-Jan-30 11:33:33 Обязательные параметры PHP (check_php_settings): Ok
Настройки правильные
2017-Jan-30 11:33:34 Модули веб-сервера (check_security): Warning
Замечание. Загружен модуль mod_dav/mod_dav_fs, WebDav не будет работать
2017-Jan-30 11:33:34 Значения переменных сервера (check_server_vars): Ok
Корректные
2017-Jan-30 11:33:34 Сохранение сессии (check_session): Ok
50% done
2017-Jan-30 11:33:34 Сохранение сессии (check_session): Ok
Успешно
2017-Jan-30 11:33:34 Параметры настройки UTF (mbstring и константа BX_UTF) (check_mbstring): Ok
Правильные. Сайт работает в UTF кодировке
2017-Jan-30 11:33:34 Служебные скрипты в корне сайта (check_install_scripts): Ok
Отсутствуют
2017-Jan-30 11:33:34 Работа с сокетами (check_socket): Ok
Connection to szvdom.ru:80	Success

Успешно
2017-Jan-30 11:33:34 Выполнение агентов на cron (check_bx_crontab): Fail
Ошибка! Не настроен запуск cron_events.php на cron, последний агент отработал больше суток назад.
2017-Jan-30 11:33:34 Параметры подключения к базе данных (check_dbconn_settings): Ok
Успешно
2017-Jan-30 11:33:34 Лишний вывод в файлах конфигурации (check_dbconn): Ok
Connection to szvdom.ru:80	Success

Успешно
2017-Jan-30 11:33:34 Сохранение сессии без UserAgent (check_session_ua): Ok
50% done
Connection to szvdom.ru:80	Success

2017-Jan-30 11:33:35 Сохранение сессии без UserAgent (check_session_ua): Ok
Connection to szvdom.ru:80	Success

Успешно
2017-Jan-30 11:33:35 Настройки сайтов (check_sites): Ok
Правильные
2017-Jan-30 11:33:35 Передача объектов по ссылке (check_clone): Ok
Успешно
2017-Jan-30 11:33:35 Размер стека и pcre.recursion_limit (check_pcre_recursion): Ok
Connection to szvdom.ru:80	Success

Успешно
2017-Jan-30 11:33:35 Вызов method_exists на строке (check_method_exists): Ok
Connection to szvdom.ru:80	Success

Успешно
2017-Jan-30 11:33:35 Загрузка файла (check_upload): Ok
Connection to szvdom.ru:80	Success

Успешно
2017-Jan-30 11:33:35 Загрузка файла больше 4Мб (check_upload_big): Ok
Connection to szvdom.ru:80	Success

Успешно
2017-Jan-30 11:33:35 Загрузка файла через php://input (check_upload_raw): Ok
Connection to szvdom.ru:80	Success

Успешно
2017-Jan-30 11:33:35 Передача POST запроса с большим числом параметров (check_post): Ok
Connection to szvdom.ru:80	Success

Успешно
2017-Jan-30 11:33:36 Отправка почты (check_mail): Ok
Успешно
2017-Jan-30 11:33:36 Отправка почтового сообщения больше 64Кб (check_mail_big): Ok
Успешно
2017-Jan-30 11:33:36 Проверка на наличие неотправленных сообщений (check_mail_b_event): Ok
Успешно
2017-Jan-30 11:33:36 Внутреннее перенаправление (функция LocalRedirect) (check_localredirect): Ok
50% done
Connection to szvdom.ru:80	Success

2017-Jan-30 11:33:36 Внутреннее перенаправление (функция LocalRedirect) (check_localredirect): Ok
Connection to szvdom.ru:80	Success

Успешно
2017-Jan-30 11:33:36 Фактическое ограничение памяти (check_memory_limit): Ok
20% done
Connection to szvdom.ru:80	Success

2017-Jan-30 11:33:36 Фактическое ограничение памяти (check_memory_limit): Ok
40% done
Connection to szvdom.ru:80	Success

2017-Jan-30 11:33:37 Фактическое ограничение памяти (check_memory_limit): Ok
60% done
Connection to szvdom.ru:80	Success

2017-Jan-30 11:33:37 Фактическое ограничение памяти (check_memory_limit): Ok
80% done
Connection to szvdom.ru:80	Success

2017-Jan-30 11:33:37 Фактическое ограничение памяти (check_memory_limit): Ok
Connection to szvdom.ru:80	Success

Не менее 256 М
2017-Jan-30 11:33:37 Работа с файлами кеша (check_cache): Ok
Успешно
2017-Jan-30 11:33:37 Доступ к серверу обновлений (check_update): Ok
Успешно
2017-Jan-30 11:33:37 HTTP авторизация (check_http_auth): Ok
Connection to szvdom.ru:80	Success

Успешно
2017-Jan-30 11:33:38 Создание и запуск файла (check_exec): Ok
Connection to szvdom.ru:80	Success

Успешно
2017-Jan-30 11:33:38 Функция getimagesize для swf (check_getimagesize): Warning
Замечание. Вставка swf роликов может не работать
2017-Jan-30 11:33:38 Версия MySQL-сервера (check_mysql_bug_version): Ok
Успешно
2017-Jan-30 11:33:39 Время на БД и веб-сервере (check_mysql_time): Ok
Успешно
2017-Jan-30 11:33:39 Режим работы MySQL (check_mysql_mode): Ok
Успешно
2017-Jan-30 11:33:39 Кодировка соединения (check_mysql_connection_charset): Ok
character_set_connection=utf8, collation_connection=utf8_unicode_ci, character_set_results=utf8
Успешно
2017-Jan-30 11:33:39 Кодировка базы данных (check_mysql_db_charset): Ok
CHARSET=utf8, COLLATION=utf8_unicode_ci
Успешно
2017-Jan-30 11:33:39 Кодировки таблиц в БД (check_mysql_table_charset): Ok
Успешно
2017-Jan-30 11:33:40 Структура базы данных (check_mysql_table_structure): Ok
0% done
2017-Jan-30 11:33:40 Структура базы данных (check_mysql_table_structure): Ok
7% done
2017-Jan-30 11:33:40 Структура базы данных (check_mysql_table_structure): Ok
14% done
2017-Jan-30 11:33:40 Структура базы данных (check_mysql_table_structure): Ok
21% done
2017-Jan-30 11:33:40 Структура базы данных (check_mysql_table_structure): Ok
28% done
2017-Jan-30 11:33:40 Структура базы данных (check_mysql_table_structure): Ok
35% done
2017-Jan-30 11:33:41 Структура базы данных (check_mysql_table_structure): Ok
42% done
2017-Jan-30 11:33:42 Структура базы данных (check_mysql_table_structure): Ok
50% done
В таблице b_user_hit_auth поле TIMESTAMP_X "datetime NULL DEFAULT NULL  " не соответствует описанию на диске "timestamp NULL DEFAULT NULL  "

2017-Jan-30 11:33:42 Структура базы данных (check_mysql_table_structure): Ok
57% done
2017-Jan-30 11:33:42 Структура базы данных (check_mysql_table_structure): Ok
64% done
2017-Jan-30 11:33:43 Структура базы данных (check_mysql_table_structure): Ok
71% done
2017-Jan-30 11:33:43 Структура базы данных (check_mysql_table_structure): Ok
78% done
2017-Jan-30 11:33:43 Структура базы данных (check_mysql_table_structure): Ok
85% done
2017-Jan-30 11:33:43 Структура базы данных (check_mysql_table_structure): Ok
92% done
2017-Jan-30 11:33:43 Структура базы данных (check_mysql_table_structure): Fail
ALTER TABLE `b_user_hit_auth` MODIFY `TIMESTAMP_X` timestamp NULL DEFAULT NULL  ;
Ошибка! Структура базы данных имеет ошибки (нет таблиц: 0, нет полей: 0, поля отличаются: 1, нет индексов: 0). Всего 1, автоматически могут быть исправлены: 0.
